::1 - - [08/Dec/2020:06:54:32 +0000] "POST /auth/login HTTP/1.1" - - "http://localhost:3000/" "Mozilla/5.0 (Windows NT 10.0; Win64; x64) AppleWebKit/537.36 (KHTML, like Gecko) Chrome/87.0.4280.88 Safari/537.36"
::1 - - [08/Dec/2020:07:04:28 +0000] "POST /auth/login HTTP/1.1" - - "http://localhost:3000/" "Mozilla/5.0 (Windows NT 10.0; Win64; x64) AppleWebKit/537.36 (KHTML, like Gecko) Chrome/87.0.4280.88 Safari/537.36"
::1 - - [08/Dec/2020:07:04:41 +0000] "POST /auth/login HTTP/1.1" - - "http://localhost:3000/" "Mozilla/5.0 (Windows NT 10.0; Win64; x64) AppleWebKit/537.36 (KHTML, like Gecko) Chrome/87.0.4280.88 Safari/537.36"
::1 - - [08/Dec/2020:07:05:07 +0000] "POST /auth/login HTTP/1.1" - - "http://localhost:3000/" "Mozilla/5.0 (Windows NT 10.0; Win64; x64) AppleWebKit/537.36 (KHTML, like Gecko) Chrome/87.0.4280.88 Safari/537.36"
::1 - - [08/Dec/2020:07:06:16 +0000] "POST /auth/login HTTP/1.1" - - "http://localhost:3000/" "Mozilla/5.0 (Windows NT 10.0; Win64; x64) AppleWebKit/537.36 (KHTML, like Gecko) Chrome/87.0.4280.88 Safari/537.36"
::1 - - [08/Dec/2020:07:13:26 +0000] "POST /auth/login HTTP/1.1" - - "http://localhost:3000/" "Mozilla/5.0 (Windows NT 10.0; Win64; x64) AppleWebKit/537.36 (KHTML, like Gecko) Chrome/87.0.4280.88 Safari/537.36"
::1 - - [08/Dec/2020:07:15:06 +0000] "POST /auth/login HTTP/1.1" - - "http://localhost:3000/" "Mozilla/5.0 (Windows NT 10.0; Win64; x64) AppleWebKit/537.36 (KHTML, like Gecko) Chrome/87.0.4280.88 Safari/537.36"
::1 - - [08/Dec/2020:07:15:06 +0000] "POST /auth/login HTTP/1.1" - - "http://localhost:3000/" "Mozilla/5.0 (Windows NT 10.0; Win64; x64) AppleWebKit/537.36 (KHTML, like Gecko) Chrome/87.0.4280.88 Safari/537.36"
::1 - - [08/Dec/2020:07:15:39 +0000] "POST /auth/login HTTP/1.1" - - "http://localhost:3000/" "Mozilla/5.0 (Windows NT 10.0; Win64; x64) AppleWebKit/537.36 (KHTML, like Gecko) Chrome/87.0.4280.88 Safari/537.36"
::1 - - [08/Dec/2020:07:17:16 +0000] "POST /auth/login HTTP/1.1" - - "http://localhost:3000/" "Mozilla/5.0 (Windows NT 10.0; Win64; x64) AppleWebKit/537.36 (KHTML, like Gecko) Chrome/87.0.4280.88 Safari/537.36"
::1 - - [08/Dec/2020:07:17:56 +0000] "GET /reports HTTP/1.1" 500 30 "-" "PostmanRuntime/7.26.8"
::1 - - [08/Dec/2020:07:19:36 +0000] "GET /reports HTTP/1.1" 500 30 "-" "PostmanRuntime/7.26.8"
::1 - - [08/Dec/2020:07:19:49 +0000] "GET /account HTTP/1.1" 200 844 "-" "PostmanRuntime/7.26.8"
::1 - - [08/Dec/2020:07:25:23 +0000] "GET /category/admin HTTP/1.1" 404 153 "-" "PostmanRuntime/7.26.8"
::1 - - [08/Dec/2020:07:25:32 +0000] "GET /account/admin HTTP/1.1" 500 30 "-" "PostmanRuntime/7.26.8"
::1 - - [08/Dec/2020:07:25:59 +0000] "GET /account/ HTTP/1.1" 200 844 "-" "PostmanRuntime/7.26.8"
::1 - - [08/Dec/2020:07:26:10 +0000] "GET /account/ HTTP/1.1" 200 844 "-" "PostmanRuntime/7.26.8"
::1 - - [08/Dec/2020:07:28:10 +0000] "GET //auth/login HTTP/1.1" 404 150 "-" "PostmanRuntime/7.26.8"
::1 - - [08/Dec/2020:07:28:32 +0000] "GET /account HTTP/1.1" 200 844 "-" "PostmanRuntime/7.26.8"
::1 - - [08/Dec/2020:07:29:45 +0000] "GET /account/?=user1 HTTP/1.1" 200 844 "-" "PostmanRuntime/7.26.8"
::1 - - [08/Dec/2020:07:30:50 +0000] "GET /account/?=user1 HTTP/1.1" 200 844 "-" "PostmanRuntime/7.26.8"
::1 - - [08/Dec/2020:07:31:16 +0000] "GET /account HTTP/1.1" 200 844 "-" "PostmanRuntime/7.26.8"
::1 - - [08/Dec/2020:07:31:37 +0000] "GET /account/?=name HTTP/1.1" 200 844 "-" "PostmanRuntime/7.26.8"
::1 - - [08/Dec/2020:07:33:52 +0000] "POST /auth/login HTTP/1.1" - - "http://localhost:3000/" "Mozilla/5.0 (Windows NT 10.0; Win64; x64) AppleWebKit/537.36 (KHTML, like Gecko) Chrome/87.0.4280.88 Safari/537.36"
::1 - - [11/Dec/2020:11:20:39 +0000] "POST /auth/login HTTP/1.1" - - "http://localhost:3000/" "Mozilla/5.0 (Windows NT 10.0; Win64; x64) AppleWebKit/537.36 (KHTML, like Gecko) Chrome/87.0.4280.88 Safari/537.36"
::1 - - [11/Dec/2020:11:21:12 +0000] "POST /auth/login HTTP/1.1" - - "http://localhost:3000/" "Mozilla/5.0 (Windows NT 10.0; Win64; x64) AppleWebKit/537.36 (KHTML, like Gecko) Chrome/87.0.4280.88 Safari/537.36"
::1 - - [11/Dec/2020:11:45:50 +0000] "GET /account/?=name HTTP/1.1" 200 844 "-" "PostmanRuntime/7.26.8"
::1 - - [11/Dec/2020:11:46:05 +0000] "GET /account/?=user1 HTTP/1.1" 200 844 "-" "PostmanRuntime/7.26.8"
::1 - - [11/Dec/2020:11:58:50 +0000] "POST /auth/login HTTP/1.1" - - "http://localhost:3000/" "Mozilla/5.0 (Windows NT 10.0; Win64; x64) AppleWebKit/537.36 (KHTML, like Gecko) Chrome/87.0.4280.88 Safari/537.36"
::1 - - [11/Dec/2020:11:58:54 +0000] "POST /auth/login HTTP/1.1" - - "http://localhost:3000/" "Mozilla/5.0 (Windows NT 10.0; Win64; x64) AppleWebKit/537.36 (KHTML, like Gecko) Chrome/87.0.4280.88 Safari/537.36"
::1 - - [11/Dec/2020:11:59:01 +0000] "POST /auth/login HTTP/1.1" - - "http://localhost:3000/" "Mozilla/5.0 (Windows NT 10.0; Win64; x64) AppleWebKit/537.36 (KHTML, like Gecko) Chrome/87.0.4280.88 Safari/537.36"
::1 - - [11/Dec/2020:11:59:24 +0000] "POST /auth/login HTTP/1.1" - - "http://localhost:3000/" "Mozilla/5.0 (Windows NT 10.0; Win64; x64) AppleWebKit/537.36 (KHTML, like Gecko) Chrome/87.0.4280.88 Safari/537.36"
::1 - - [11/Dec/2020:11:59:26 +0000] "POST /auth/login HTTP/1.1" - - "http://localhost:3000/" "Mozilla/5.0 (Windows NT 10.0; Win64; x64) AppleWebKit/537.36 (KHTML, like Gecko) Chrome/87.0.4280.88 Safari/537.36"
::1 - - [11/Dec/2020:12:01:28 +0000] "POST /auth/login HTTP/1.1" - - "http://localhost:3000/" "Mozilla/5.0 (Windows NT 10.0; Win64; x64) AppleWebKit/537.36 (KHTML, like Gecko) Chrome/87.0.4280.88 Safari/537.36"
::1 - - [13/Dec/2020:07:58:08 +0000] "POST /auth/login HTTP/1.1" - - "http://localhost:3000/" "Mozilla/5.0 (Windows NT 10.0; Win64; x64) AppleWebKit/537.36 (KHTML, like Gecko) Chrome/87.0.4280.88 Safari/537.36"
::1 - - [13/Dec/2020:07:58:19 +0000] "POST /auth/login HTTP/1.1" - - "http://localhost:3000/" "Mozilla/5.0 (Windows NT 10.0; Win64; x64) AppleWebKit/537.36 (KHTML, like Gecko) Chrome/87.0.4280.88 Safari/537.36"
::1 - - [13/Dec/2020:09:27:26 +0000] "POST /auth/login HTTP/1.1" - - "http://localhost:3000/" "Mozilla/5.0 (Windows NT 10.0; Win64; x64) AppleWebKit/537.36 (KHTML, like Gecko) Chrome/87.0.4280.88 Safari/537.36"
::1 - - [22/Dec/2020:07:58:46 +0000] "POST /auth/login HTTP/1.1" - - "-" "PostmanRuntime/7.26.8"
::1 - - [22/Dec/2020:08:20:52 +0000] "POST /auth/login HTTP/1.1" - - "-" "PostmanRuntime/7.26.8"
::1 - - [22/Dec/2020:14:36:21 +0000] "POST /auth/login HTTP/1.1" - - "-" "PostmanRuntime/7.26.8"
::1 - - [23/Dec/2020:07:58:19 +0000] "POST /auth/login HTTP/1.1" 500 30 "-" "PostmanRuntime/7.26.8"
::1 - - [23/Dec/2020:08:16:46 +0000] "POST /auth/login HTTP/1.1" 200 31 "-" "PostmanRuntime/7.26.8"
::1 - - [23/Dec/2020:08:21:53 +0000] "POST /auth/login HTTP/1.1" 200 31 "-" "PostmanRuntime/7.26.8"
::1 - - [23/Dec/2020:08:26:46 +0000] "POST /auth/login HTTP/1.1" 200 215 "-" "PostmanRuntime/7.26.8"
::1 - - [23/Dec/2020:08:28:34 +0000] "POST /auth/login HTTP/1.1" 200 215 "-" "PostmanRuntime/7.26.8"
::1 - - [23/Dec/2020:08:41:35 +0000] "POST /auth/login HTTP/1.1" - - "http://localhost:3000/" "Mozilla/5.0 (Windows NT 10.0; Win64; x64) AppleWebKit/537.36 (KHTML, like Gecko) Chrome/87.0.4280.88 Safari/537.36"
::1 - - [23/Dec/2020:08:42:11 +0000] "POST /auth/login HTTP/1.1" - - "http://localhost:3000/" "Mozilla/5.0 (Windows NT 10.0; Win64; x64) AppleWebKit/537.36 (KHTML, like Gecko) Chrome/87.0.4280.88 Safari/537.36"
::1 - - [23/Dec/2020:08:43:22 +0000] "POST /auth/login HTTP/1.1" - - "http://localhost:3000/" "Mozilla/5.0 (Windows NT 10.0; Win64; x64) AppleWebKit/537.36 (KHTML, like Gecko) Chrome/87.0.4280.88 Safari/537.36"
::1 - - [23/Dec/2020:08:44:11 +0000] "POST /auth/login HTTP/1.1" - - "http://localhost:3000/" "Mozilla/5.0 (Windows NT 10.0; Win64; x64) AppleWebKit/537.36 (KHTML, like Gecko) Chrome/87.0.4280.88 Safari/537.36"
::1 - - [23/Dec/2020:08:45:04 +0000] "POST /auth/login HTTP/1.1" - - "http://localhost:3000/" "Mozilla/5.0 (Windows NT 10.0; Win64; x64) AppleWebKit/537.36 (KHTML, like Gecko) Chrome/87.0.4280.88 Safari/537.36"
::1 - - [23/Dec/2020:08:46:16 +0000] "POST /auth/login HTTP/1.1" - - "http://localhost:3000/" "Mozilla/5.0 (Windows NT 10.0; Win64; x64) AppleWebKit/537.36 (KHTML, like Gecko) Chrome/87.0.4280.88 Safari/537.36"
::1 - - [23/Dec/2020:08:46:50 +0000] "POST /auth/login HTTP/1.1" - - "http://localhost:3000/" "Mozilla/5.0 (Windows NT 10.0; Win64; x64) AppleWebKit/537.36 (KHTML, like Gecko) Chrome/87.0.4280.88 Safari/537.36"
::1 - - [23/Dec/2020:08:47:14 +0000] "POST /auth/login HTTP/1.1" - - "http://localhost:3000/" "Mozilla/5.0 (Windows NT 10.0; Win64; x64) AppleWebKit/537.36 (KHTML, like Gecko) Chrome/87.0.4280.88 Safari/537.36"
::1 - - [23/Dec/2020:08:47:51 +0000] "POST /auth/login HTTP/1.1" 200 215 "http://localhost:3000/" "Mozilla/5.0 (Windows NT 10.0; Win64; x64) AppleWebKit/537.36 (KHTML, like Gecko) Chrome/87.0.4280.88 Safari/537.36"
::1 - - [23/Dec/2020:08:47:51 +0000] "POST /auth/login HTTP/1.1" 200 215 "http://localhost:3000/" "Mozilla/5.0 (Windows NT 10.0; Win64; x64) AppleWebKit/537.36 (KHTML, like Gecko) Chrome/87.0.4280.88 Safari/537.36"
::1 - - [23/Dec/2020:08:48:44 +0000] "POST /auth/login HTTP/1.1" 200 215 "http://localhost:3000/" "Mozilla/5.0 (Windows NT 10.0; Win64; x64) AppleWebKit/537.36 (KHTML, like Gecko) Chrome/87.0.4280.88 Safari/537.36"
::1 - - [23/Dec/2020:08:49:13 +0000] "POST /auth/login HTTP/1.1" 200 215 "http://localhost:3000/" "Mozilla/5.0 (Windows NT 10.0; Win64; x64) AppleWebKit/537.36 (KHTML, like Gecko) Chrome/87.0.4280.88 Safari/537.36"
::1 - - [23/Dec/2020:08:49:48 +0000] "POST /auth/login HTTP/1.1" 200 215 "http://localhost:3000/" "Mozilla/5.0 (Windows NT 10.0; Win64; x64) AppleWebKit/537.36 (KHTML, like Gecko) Chrome/87.0.4280.88 Safari/537.36"
::1 - - [23/Dec/2020:08:51:16 +0000] "POST /auth/login HTTP/1.1" - - "http://localhost:3000/" "Mozilla/5.0 (Windows NT 10.0; Win64; x64) AppleWebKit/537.36 (KHTML, like Gecko) Chrome/87.0.4280.88 Safari/537.36"
::1 - - [23/Dec/2020:08:51:16 +0000] "POST /auth/login HTTP/1.1" - - "http://localhost:3000/" "Mozilla/5.0 (Windows NT 10.0; Win64; x64) AppleWebKit/537.36 (KHTML, like Gecko) Chrome/87.0.4280.88 Safari/537.36"
::1 - - [23/Dec/2020:08:53:17 +0000] "POST /auth/login HTTP/1.1" 200 215 "http://localhost:3000/" "Mozilla/5.0 (Windows NT 10.0; Win64; x64) AppleWebKit/537.36 (KHTML, like Gecko) Chrome/87.0.4280.88 Safari/537.36"
::1 - - [23/Dec/2020:08:53:17 +0000] "POST /auth/login HTTP/1.1" 200 215 "http://localhost:3000/" "Mozilla/5.0 (Windows NT 10.0; Win64; x64) AppleWebKit/537.36 (KHTML, like Gecko) Chrome/87.0.4280.88 Safari/537.36"
::1 - - [23/Dec/2020:08:53:18 +0000] "POST /auth/login HTTP/1.1" 200 215 "http://localhost:3000/" "Mozilla/5.0 (Windows NT 10.0; Win64; x64) AppleWebKit/537.36 (KHTML, like Gecko) Chrome/87.0.4280.88 Safari/537.36"
::1 - - [23/Dec/2020:08:53:18 +0000] "POST /auth/login HTTP/1.1" 200 215 "http://localhost:3000/" "Mozilla/5.0 (Windows NT 10.0; Win64; x64) AppleWebKit/537.36 (KHTML, like Gecko) Chrome/87.0.4280.88 Safari/537.36"
::1 - - [23/Dec/2020:08:54:05 +0000] "POST /auth/login HTTP/1.1" 200 215 "http://localhost:3000/" "Mozilla/5.0 (Windows NT 10.0; Win64; x64) AppleWebKit/537.36 (KHTML, like Gecko) Chrome/87.0.4280.88 Safari/537.36"
::1 - - [23/Dec/2020:08:55:20 +0000] "POST /auth/login HTTP/1.1" 200 214 "http://localhost:3000/" "Mozilla/5.0 (Windows NT 10.0; Win64; x64) AppleWebKit/537.36 (KHTML, like Gecko) Chrome/87.0.4280.88 Safari/537.36"
::1 - - [23/Dec/2020:08:55:20 +0000] "POST /auth/login HTTP/1.1" - - "http://localhost:3000/" "Mozilla/5.0 (Windows NT 10.0; Win64; x64) AppleWebKit/537.36 (KHTML, like Gecko) Chrome/87.0.4280.88 Safari/537.36"
::1 - - [23/Dec/2020:09:22:39 +0000] "POST /auth/login HTTP/1.1" 200 215 "-" "PostmanRuntime/7.26.8"
::1 - - [23/Dec/2020:09:22:54 +0000] "POST /auth/login HTTP/1.1" 200 215 "http://localhost:3000/" "Mozilla/5.0 (Windows NT 10.0; Win64; x64) AppleWebKit/537.36 (KHTML, like Gecko) Chrome/87.0.4280.88 Safari/537.36"
::1 - - [23/Dec/2020:09:23:40 +0000] "POST /auth/login HTTP/1.1" 200 214 "http://localhost:3000/" "Mozilla/5.0 (Windows NT 10.0; Win64; x64) AppleWebKit/537.36 (KHTML, like Gecko) Chrome/87.0.4280.88 Safari/537.36"
::1 - - [23/Dec/2020:09:23:40 +0000] "POST /auth/login HTTP/1.1" 200 214 "http://localhost:3000/" "Mozilla/5.0 (Windows NT 10.0; Win64; x64) AppleWebKit/537.36 (KHTML, like Gecko) Chrome/87.0.4280.88 Safari/537.36"
::1 - - [23/Dec/2020:09:44:44 +0000] "POST /auth/login HTTP/1.1" 200 215 "http://localhost:3000/" "Mozilla/5.0 (Windows NT 10.0; Win64; x64) AppleWebKit/537.36 (KHTML, like Gecko) Chrome/87.0.4280.88 Safari/537.36"
::1 - - [23/Dec/2020:11:40:13 +0000] "POST /auth/login HTTP/1.1" 200 215 "http://localhost:3000/" "Mozilla/5.0 (Windows NT 10.0; Win64; x64) AppleWebKit/537.36 (KHTML, like Gecko) Chrome/87.0.4280.88 Safari/537.36"
::1 - - [30/Dec/2020:04:36:33 +0000] "POST /auth/login HTTP/1.1" 200 214 "http://localhost:3000/" "Mozilla/5.0 (Windows NT 10.0; Win64; x64) AppleWebKit/537.36 (KHTML, like Gecko) Chrome/87.0.4280.88 Safari/537.36"
::1 - - [30/Dec/2020:04:36:47 +0000] "POST /auth/login HTTP/1.1" 200 215 "http://localhost:3000/" "Mozilla/5.0 (Windows NT 10.0; Win64; x64) AppleWebKit/537.36 (KHTML, like Gecko) Chrome/87.0.4280.88 Safari/537.36"
::1 - - [30/Dec/2020:04:37:00 +0000] "POST /auth/login HTTP/1.1" - - "http://localhost:3000/" "Mozilla/5.0 (Windows NT 10.0; Win64; x64) AppleWebKit/537.36 (KHTML, like Gecko) Chrome/87.0.4280.88 Safari/537.36"
