::1 - - [04/Nov/2020:14:54:59 +0000] "GET /api/v1/account HTTP/1.1" 404 153 "-" "PostmanRuntime/7.26.8"
::1 - - [04/Nov/2020:14:56:26 +0000] "GET /api/v1/account/ HTTP/1.1" 404 154 "-" "PostmanRuntime/7.26.8"
::1 - - [04/Nov/2020:14:56:41 +0000] "GET /api/v1/account/admin HTTP/1.1" 404 159 "-" "PostmanRuntime/7.26.8"
::1 - - [04/Nov/2020:14:56:56 +0000] "GET /api/v1/account/admin?=name HTTP/1.1" 404 159 "-" "PostmanRuntime/7.26.8"
::1 - - [08/Nov/2020:13:29:11 +0000] "POST /auth/login HTTP/1.1" 404 150 "-" "PostmanRuntime/7.26.8"
::1 - - [08/Nov/2020:13:29:34 +0000] "POST /auth/login HTTP/1.1" 404 150 "-" "PostmanRuntime/7.26.8"
::1 - - [08/Nov/2020:13:30:40 +0000] "POST /auth/login HTTP/1.1" 404 150 "-" "PostmanRuntime/7.26.8"
::1 - - [08/Nov/2020:13:31:25 +0000] "POST /auth/login HTTP/1.1" 404 150 "-" "PostmanRuntime/7.26.8"
::1 - - [08/Nov/2020:13:31:30 +0000] "POST /auth/login HTTP/1.1" 404 150 "-" "PostmanRuntime/7.26.8"
::1 - - [08/Nov/2020:13:32:46 +0000] "POST /auth/login HTTP/1.1" 200 15 "-" "PostmanRuntime/7.26.8"
::1 - - [08/Nov/2020:13:33:05 +0000] "POST /auth/login HTTP/1.1" 200 15 "-" "PostmanRuntime/7.26.8"
::1 - - [08/Nov/2020:13:33:07 +0000] "POST /auth/login HTTP/1.1" 200 15 "-" "PostmanRuntime/7.26.8"
::1 - - [08/Nov/2020:13:33:46 +0000] "POST /auth/login HTTP/1.1" 200 15 "-" "PostmanRuntime/7.26.8"
::1 - - [08/Nov/2020:14:40:06 +0000] "POST /auth/login HTTP/1.1" 200 15 "-" "PostmanRuntime/7.26.8"
::1 - - [08/Nov/2020:14:40:28 +0000] "POST /auth/login HTTP/1.1" 200 15 "-" "PostmanRuntime/7.26.8"
::1 - - [08/Nov/2020:14:51:18 +0000] "POST /auth/login HTTP/1.1" 200 15 "-" "PostmanRuntime/7.26.8"
::1 - - [19/Nov/2020:06:04:50 +0000] "POST /auth/login HTTP/1.1" 200 15 "-" "PostmanRuntime/7.26.8"
::1 - - [22/Nov/2020:12:27:26 +0000] "POST /auth/login HTTP/1.1" 200 15 "-" "PostmanRuntime/7.26.8"
::1 - - [22/Nov/2020:12:28:20 +0000] "GET /api/v1/account HTTP/1.1" 500 1608 "-" "PostmanRuntime/7.26.8"
::1 - - [22/Nov/2020:12:29:24 +0000] "GET /account HTTP/1.1" 404 146 "-" "PostmanRuntime/7.26.8"
::1 - - [22/Nov/2020:12:29:41 +0000] "GET /api/v1/account HTTP/1.1" 500 1608 "-" "PostmanRuntime/7.26.8"
::1 - - [23/Nov/2020:06:49:32 +0000] "GET /api/v1/account HTTP/1.1" 500 1608 "-" "PostmanRuntime/7.26.8"
::1 - - [23/Nov/2020:06:49:58 +0000] "POST /auth/login HTTP/1.1" 200 15 "-" "PostmanRuntime/7.26.8"
::1 - - [23/Nov/2020:06:53:30 +0000] "GET /api/v1/account HTTP/1.1" 500 1608 "-" "PostmanRuntime/7.26.8"
::1 - - [23/Nov/2020:06:53:34 +0000] "POST /auth/login HTTP/1.1" 200 15 "-" "PostmanRuntime/7.26.8"
::1 - - [23/Nov/2020:06:53:35 +0000] "POST /auth/login HTTP/1.1" 200 15 "-" "PostmanRuntime/7.26.8"
::1 - - [23/Nov/2020:07:00:17 +0000] "POST /auth/login HTTP/1.1" 200 15 "-" "PostmanRuntime/7.26.8"
::1 - - [23/Nov/2020:07:00:55 +0000] "GET /category/page=2&size=4 HTTP/1.1" 404 165 "-" "PostmanRuntime/7.26.8"
::1 - - [23/Nov/2020:07:01:50 +0000] "POST /auth/login HTTP/1.1" 200 15 "-" "PostmanRuntime/7.26.8"
::1 - - [23/Nov/2020:07:01:55 +0000] "GET /api/v1/account HTTP/1.1" 500 1608 "-" "PostmanRuntime/7.26.8"
::1 - - [23/Nov/2020:07:02:54 +0000] "GET /api/v1/account HTTP/1.1" 500 1580 "-" "PostmanRuntime/7.26.8"
::1 - - [23/Nov/2020:07:03:20 +0000] "GET /api/v1/account HTTP/1.1" 500 1580 "-" "PostmanRuntime/7.26.8"
::1 - - [23/Nov/2020:14:09:58 +0000] "POST /api/v1/auth/login HTTP/1.1" 404 157 "http://localhost:3000/" "Mozilla/5.0 (Windows NT 10.0; Win64; x64) AppleWebKit/537.36 (KHTML, like Gecko) Chrome/87.0.4280.66 Safari/537.36"
::1 - - [23/Nov/2020:14:09:59 +0000] "POST /api/v1/auth/login HTTP/1.1" 404 157 "http://localhost:3000/" "Mozilla/5.0 (Windows NT 10.0; Win64; x64) AppleWebKit/537.36 (KHTML, like Gecko) Chrome/87.0.4280.66 Safari/537.36"
::1 - - [23/Nov/2020:14:09:59 +0000] "POST /api/v1/auth/login HTTP/1.1" 404 157 "http://localhost:3000/" "Mozilla/5.0 (Windows NT 10.0; Win64; x64) AppleWebKit/537.36 (KHTML, like Gecko) Chrome/87.0.4280.66 Safari/537.36"
::1 - - [23/Nov/2020:14:09:59 +0000] "POST /api/v1/auth/login HTTP/1.1" 404 157 "http://localhost:3000/" "Mozilla/5.0 (Windows NT 10.0; Win64; x64) AppleWebKit/537.36 (KHTML, like Gecko) Chrome/87.0.4280.66 Safari/537.36"
::1 - - [23/Nov/2020:14:10:19 +0000] "POST /api/v1/auth/login HTTP/1.1" 404 157 "http://localhost:3000/" "Mozilla/5.0 (Windows NT 10.0; Win64; x64) AppleWebKit/537.36 (KHTML, like Gecko) Chrome/87.0.4280.66 Safari/537.36"
::1 - - [23/Nov/2020:14:10:20 +0000] "POST /api/v1/auth/login HTTP/1.1" 404 157 "http://localhost:3000/" "Mozilla/5.0 (Windows NT 10.0; Win64; x64) AppleWebKit/537.36 (KHTML, like Gecko) Chrome/87.0.4280.66 Safari/537.36"
::1 - - [23/Nov/2020:14:10:21 +0000] "POST /api/v1/auth/login HTTP/1.1" 404 157 "http://localhost:3000/" "Mozilla/5.0 (Windows NT 10.0; Win64; x64) AppleWebKit/537.36 (KHTML, like Gecko) Chrome/87.0.4280.66 Safari/537.36"
::1 - - [23/Nov/2020:14:10:26 +0000] "POST /api/v1/auth/login HTTP/1.1" 404 157 "http://localhost:3000/" "Mozilla/5.0 (Windows NT 10.0; Win64; x64) AppleWebKit/537.36 (KHTML, like Gecko) Chrome/87.0.4280.66 Safari/537.36"
::1 - - [23/Nov/2020:14:10:26 +0000] "POST /api/v1/auth/login HTTP/1.1" 404 157 "http://localhost:3000/" "Mozilla/5.0 (Windows NT 10.0; Win64; x64) AppleWebKit/537.36 (KHTML, like Gecko) Chrome/87.0.4280.66 Safari/537.36"
::1 - - [23/Nov/2020:14:17:14 +0000] "POST /api/v1/auth/login HTTP/1.1" 404 157 "http://localhost:3000/" "Mozilla/5.0 (Windows NT 10.0; Win64; x64) AppleWebKit/537.36 (KHTML, like Gecko) Chrome/87.0.4280.66 Safari/537.36"
::1 - - [23/Nov/2020:14:17:15 +0000] "POST /api/v1/auth/login HTTP/1.1" 404 157 "http://localhost:3000/" "Mozilla/5.0 (Windows NT 10.0; Win64; x64) AppleWebKit/537.36 (KHTML, like Gecko) Chrome/87.0.4280.66 Safari/537.36"
::1 - - [23/Nov/2020:14:18:17 +0000] "POST /api/v1/auth/login HTTP/1.1" 404 157 "http://localhost:3000/" "Mozilla/5.0 (Windows NT 10.0; Win64; x64) AppleWebKit/537.36 (KHTML, like Gecko) Chrome/87.0.4280.66 Safari/537.36"
::1 - - [23/Nov/2020:14:30:35 +0000] "POST /api/v1/auth/login HTTP/1.1" 404 157 "http://localhost:3000/" "Mozilla/5.0 (Windows NT 10.0; Win64; x64) AppleWebKit/537.36 (KHTML, like Gecko) Chrome/87.0.4280.66 Safari/537.36"
::1 - - [23/Nov/2020:14:30:41 +0000] "POST /api/v1/auth/login HTTP/1.1" 404 157 "http://localhost:3000/" "Mozilla/5.0 (Windows NT 10.0; Win64; x64) AppleWebKit/537.36 (KHTML, like Gecko) Chrome/87.0.4280.66 Safari/537.36"
::1 - - [23/Nov/2020:14:30:42 +0000] "POST /api/v1/auth/login HTTP/1.1" 404 157 "http://localhost:3000/" "Mozilla/5.0 (Windows NT 10.0; Win64; x64) AppleWebKit/537.36 (KHTML, like Gecko) Chrome/87.0.4280.66 Safari/537.36"
::1 - - [23/Nov/2020:14:30:42 +0000] "POST /api/v1/auth/login HTTP/1.1" 404 157 "http://localhost:3000/" "Mozilla/5.0 (Windows NT 10.0; Win64; x64) AppleWebKit/537.36 (KHTML, like Gecko) Chrome/87.0.4280.66 Safari/537.36"
::1 - - [23/Nov/2020:14:31:45 +0000] "POST /api/v1/auth/login HTTP/1.1" 404 157 "http://localhost:3000/" "Mozilla/5.0 (Windows NT 10.0; Win64; x64) AppleWebKit/537.36 (KHTML, like Gecko) Chrome/87.0.4280.66 Safari/537.36"
::1 - - [23/Nov/2020:14:32:17 +0000] "POST /api/v1/auth/login HTTP/1.1" 404 157 "http://localhost:3000/" "Mozilla/5.0 (Windows NT 10.0; Win64; x64) AppleWebKit/537.36 (KHTML, like Gecko) Chrome/87.0.4280.66 Safari/537.36"
::1 - - [23/Nov/2020:14:33:06 +0000] "POST /api/v1/auth/login HTTP/1.1" 404 157 "http://localhost:3000/" "Mozilla/5.0 (Windows NT 10.0; Win64; x64) AppleWebKit/537.36 (KHTML, like Gecko) Chrome/87.0.4280.66 Safari/537.36"
::1 - - [23/Nov/2020:14:42:45 +0000] "POST /api/v1/auth/login HTTP/1.1" 400 43 "http://localhost:3000/" "Mozilla/5.0 (Windows NT 10.0; Win64; x64) AppleWebKit/537.36 (KHTML, like Gecko) Chrome/87.0.4280.66 Safari/537.36"
::1 - - [24/Nov/2020:03:19:35 +0000] "POST /api/v1/auth/login HTTP/1.1" 400 43 "http://localhost:3000/" "Mozilla/5.0 (Windows NT 10.0; Win64; x64) AppleWebKit/537.36 (KHTML, like Gecko) Chrome/87.0.4280.66 Safari/537.36"
::1 - - [24/Nov/2020:03:19:37 +0000] "POST /api/v1/auth/login HTTP/1.1" 400 43 "http://localhost:3000/" "Mozilla/5.0 (Windows NT 10.0; Win64; x64) AppleWebKit/537.36 (KHTML, like Gecko) Chrome/87.0.4280.66 Safari/537.36"
::1 - - [25/Nov/2020:01:23:20 +0000] "POST /api/v1/auth/login HTTP/1.1" 400 43 "http://localhost:3000/" "Mozilla/5.0 (Windows NT 10.0; Win64; x64) AppleWebKit/537.36 (KHTML, like Gecko) Chrome/87.0.4280.66 Safari/537.36"
::1 - - [25/Nov/2020:01:24:15 +0000] "POST /auth/login HTTP/1.1" 200 15 "-" "PostmanRuntime/7.26.8"
::1 - - [25/Nov/2020:01:24:27 +0000] "GET /api/v1/account HTTP/1.1" 500 2887 "-" "PostmanRuntime/7.26.8"
::1 - - [25/Nov/2020:01:41:41 +0000] "POST /api/v1/auth/login HTTP/1.1" 400 43 "http://localhost:3000/" "Mozilla/5.0 (Windows NT 10.0; Win64; x64) AppleWebKit/537.36 (KHTML, like Gecko) Chrome/87.0.4280.66 Safari/537.36"
::1 - - [25/Nov/2020:01:41:52 +0000] "POST /api/v1/auth/login HTTP/1.1" 400 43 "http://localhost:3000/" "Mozilla/5.0 (Windows NT 10.0; Win64; x64) AppleWebKit/537.36 (KHTML, like Gecko) Chrome/87.0.4280.66 Safari/537.36"
::1 - - [25/Nov/2020:01:44:30 +0000] "POST /api/v1/auth/login HTTP/1.1" 400 43 "http://localhost:3000/" "Mozilla/5.0 (Windows NT 10.0; Win64; x64) AppleWebKit/537.36 (KHTML, like Gecko) Chrome/87.0.4280.66 Safari/537.36"
::1 - - [25/Nov/2020:02:36:32 +0000] "GET /api/v1/account HTTP/1.1" 500 2887 "-" "PostmanRuntime/7.26.8"
::1 - - [25/Nov/2020:02:41:16 +0000] "GET /api/v1/account HTTP/1.1" 500 2887 "-" "PostmanRuntime/7.26.8"
::1 - - [25/Nov/2020:02:56:39 +0000] "GET /auth/login HTTP/1.1" 500 1528 "-" "PostmanRuntime/7.26.8"
::1 - - [25/Nov/2020:02:57:00 +0000] "GET /auth/login HTTP/1.1" 500 1528 "-" "PostmanRuntime/7.26.8"
::1 - - [25/Nov/2020:02:57:14 +0000] "GET /auth/login HTTP/1.1" 200 15 "-" "PostmanRuntime/7.26.8"
::1 - - [25/Nov/2020:02:58:07 +0000] "GET /api/v1/account HTTP/1.1" 500 2887 "-" "PostmanRuntime/7.26.8"
::1 - - [25/Nov/2020:02:59:10 +0000] "GET /api/v1/account HTTP/1.1" 500 2887 "-" "PostmanRuntime/7.26.8"
::1 - - [25/Nov/2020:02:59:55 +0000] "GET /api/v1/account HTTP/1.1" 500 2887 "-" "PostmanRuntime/7.26.8"
::1 - - [25/Nov/2020:03:00:08 +0000] "GET /api/v1/account HTTP/1.1" 500 2887 "-" "PostmanRuntime/7.26.8"
::1 - - [25/Nov/2020:03:00:21 +0000] "GET /api/v1/account HTTP/1.1" 500 2887 "-" "PostmanRuntime/7.26.8"
::1 - - [25/Nov/2020:03:00:39 +0000] "GET /api/v1/account HTTP/1.1" 500 2887 "-" "PostmanRuntime/7.26.8"
::1 - - [25/Nov/2020:03:08:48 +0000] "GET /api/v1/account HTTP/1.1" 500 2887 "-" "PostmanRuntime/7.26.8"
::1 - - [25/Nov/2020:04:25:00 +0000] "POST /api/v1/auth/login HTTP/1.1" 400 43 "http://localhost:3000/" "Mozilla/5.0 (Windows NT 10.0; Win64; x64) AppleWebKit/537.36 (KHTML, like Gecko) Chrome/87.0.4280.66 Safari/537.36"
::1 - - [25/Nov/2020:04:59:56 +0000] "POST /api/v1/auth/login HTTP/1.1" 400 43 "http://localhost:3000/" "Mozilla/5.0 (Windows NT 10.0; Win64; x64) AppleWebKit/537.36 (KHTML, like Gecko) Chrome/87.0.4280.66 Safari/537.36"
::1 - - [25/Nov/2020:04:59:57 +0000] "POST /api/v1/auth/login HTTP/1.1" 400 43 "http://localhost:3000/" "Mozilla/5.0 (Windows NT 10.0; Win64; x64) AppleWebKit/537.36 (KHTML, like Gecko) Chrome/87.0.4280.66 Safari/537.36"
::1 - - [25/Nov/2020:04:59:58 +0000] "POST /api/v1/auth/login HTTP/1.1" 400 43 "http://localhost:3000/" "Mozilla/5.0 (Windows NT 10.0; Win64; x64) AppleWebKit/537.36 (KHTML, like Gecko) Chrome/87.0.4280.66 Safari/537.36"
::1 - - [25/Nov/2020:05:04:02 +0000] "POST /api/v1/auth/login HTTP/1.1" 400 43 "http://localhost:3000/" "Mozilla/5.0 (Windows NT 10.0; Win64; x64) AppleWebKit/537.36 (KHTML, like Gecko) Chrome/87.0.4280.66 Safari/537.36"
::1 - - [25/Nov/2020:05:04:03 +0000] "POST /api/v1/auth/login HTTP/1.1" 400 43 "http://localhost:3000/" "Mozilla/5.0 (Windows NT 10.0; Win64; x64) AppleWebKit/537.36 (KHTML, like Gecko) Chrome/87.0.4280.66 Safari/537.36"
::1 - - [25/Nov/2020:05:04:03 +0000] "POST /api/v1/auth/login HTTP/1.1" 400 43 "http://localhost:3000/" "Mozilla/5.0 (Windows NT 10.0; Win64; x64) AppleWebKit/537.36 (KHTML, like Gecko) Chrome/87.0.4280.66 Safari/537.36"
::1 - - [25/Nov/2020:05:04:41 +0000] "POST /api/v1/auth/login HTTP/1.1" 400 43 "http://localhost:3000/" "Mozilla/5.0 (Windows NT 10.0; Win64; x64) AppleWebKit/537.36 (KHTML, like Gecko) Chrome/87.0.4280.66 Safari/537.36"
::1 - - [25/Nov/2020:05:08:09 +0000] "POST /api/v1/auth/login HTTP/1.1" 400 43 "http://localhost:3000/" "Mozilla/5.0 (Windows NT 10.0; Win64; x64) AppleWebKit/537.36 (KHTML, like Gecko) Chrome/87.0.4280.66 Safari/537.36"
::1 - - [25/Nov/2020:05:08:12 +0000] "POST /api/v1/auth/login HTTP/1.1" 400 43 "http://localhost:3000/" "Mozilla/5.0 (Windows NT 10.0; Win64; x64) AppleWebKit/537.36 (KHTML, like Gecko) Chrome/87.0.4280.66 Safari/537.36"
::1 - - [25/Nov/2020:05:08:13 +0000] "POST /api/v1/auth/login HTTP/1.1" 400 43 "http://localhost:3000/" "Mozilla/5.0 (Windows NT 10.0; Win64; x64) AppleWebKit/537.36 (KHTML, like Gecko) Chrome/87.0.4280.66 Safari/537.36"
::1 - - [25/Nov/2020:05:08:13 +0000] "POST /api/v1/auth/login HTTP/1.1" 400 43 "http://localhost:3000/" "Mozilla/5.0 (Windows NT 10.0; Win64; x64) AppleWebKit/537.36 (KHTML, like Gecko) Chrome/87.0.4280.66 Safari/537.36"
::1 - - [25/Nov/2020:05:08:14 +0000] "POST /api/v1/auth/login HTTP/1.1" 400 43 "http://localhost:3000/" "Mozilla/5.0 (Windows NT 10.0; Win64; x64) AppleWebKit/537.36 (KHTML, like Gecko) Chrome/87.0.4280.66 Safari/537.36"
::1 - - [25/Nov/2020:05:08:14 +0000] "POST /api/v1/auth/login HTTP/1.1" 400 43 "http://localhost:3000/" "Mozilla/5.0 (Windows NT 10.0; Win64; x64) AppleWebKit/537.36 (KHTML, like Gecko) Chrome/87.0.4280.66 Safari/537.36"
::1 - - [25/Nov/2020:05:08:14 +0000] "POST /api/v1/auth/login HTTP/1.1" 400 43 "http://localhost:3000/" "Mozilla/5.0 (Windows NT 10.0; Win64; x64) AppleWebKit/537.36 (KHTML, like Gecko) Chrome/87.0.4280.66 Safari/537.36"
::1 - - [25/Nov/2020:05:08:14 +0000] "POST /api/v1/auth/login HTTP/1.1" 400 43 "http://localhost:3000/" "Mozilla/5.0 (Windows NT 10.0; Win64; x64) AppleWebKit/537.36 (KHTML, like Gecko) Chrome/87.0.4280.66 Safari/537.36"
::1 - - [25/Nov/2020:05:09:01 +0000] "POST /api/v1/auth/login HTTP/1.1" 400 43 "http://localhost:3000/" "Mozilla/5.0 (Windows NT 10.0; Win64; x64) AppleWebKit/537.36 (KHTML, like Gecko) Chrome/87.0.4280.66 Safari/537.36"
::1 - - [25/Nov/2020:05:09:03 +0000] "POST /api/v1/auth/login HTTP/1.1" 400 43 "http://localhost:3000/" "Mozilla/5.0 (Windows NT 10.0; Win64; x64) AppleWebKit/537.36 (KHTML, like Gecko) Chrome/87.0.4280.66 Safari/537.36"
::1 - - [25/Nov/2020:05:09:03 +0000] "POST /api/v1/auth/login HTTP/1.1" 400 43 "http://localhost:3000/" "Mozilla/5.0 (Windows NT 10.0; Win64; x64) AppleWebKit/537.36 (KHTML, like Gecko) Chrome/87.0.4280.66 Safari/537.36"
::1 - - [25/Nov/2020:05:09:03 +0000] "POST /api/v1/auth/login HTTP/1.1" 400 43 "http://localhost:3000/" "Mozilla/5.0 (Windows NT 10.0; Win64; x64) AppleWebKit/537.36 (KHTML, like Gecko) Chrome/87.0.4280.66 Safari/537.36"
::1 - - [25/Nov/2020:05:09:03 +0000] "POST /api/v1/auth/login HTTP/1.1" 400 43 "http://localhost:3000/" "Mozilla/5.0 (Windows NT 10.0; Win64; x64) AppleWebKit/537.36 (KHTML, like Gecko) Chrome/87.0.4280.66 Safari/537.36"
::1 - - [25/Nov/2020:05:09:03 +0000] "POST /api/v1/auth/login HTTP/1.1" 400 43 "http://localhost:3000/" "Mozilla/5.0 (Windows NT 10.0; Win64; x64) AppleWebKit/537.36 (KHTML, like Gecko) Chrome/87.0.4280.66 Safari/537.36"
::1 - - [25/Nov/2020:05:09:04 +0000] "POST /api/v1/auth/login HTTP/1.1" 400 43 "http://localhost:3000/" "Mozilla/5.0 (Windows NT 10.0; Win64; x64) AppleWebKit/537.36 (KHTML, like Gecko) Chrome/87.0.4280.66 Safari/537.36"
::1 - - [25/Nov/2020:05:09:42 +0000] "POST /api/v1/auth/login HTTP/1.1" 400 43 "http://localhost:3000/" "Mozilla/5.0 (Windows NT 10.0; Win64; x64) AppleWebKit/537.36 (KHTML, like Gecko) Chrome/87.0.4280.66 Safari/537.36"
::1 - - [25/Nov/2020:05:10:34 +0000] "GET /api/v1 HTTP/1.1" 404 145 "-" "Mozilla/5.0 (Windows NT 10.0; Win64; x64) AppleWebKit/537.36 (KHTML, like Gecko) Chrome/87.0.4280.66 Safari/537.36"
::1 - - [25/Nov/2020:05:10:48 +0000] "GET /api/v1/auth/login HTTP/1.1" 404 156 "-" "Mozilla/5.0 (Windows NT 10.0; Win64; x64) AppleWebKit/537.36 (KHTML, like Gecko) Chrome/87.0.4280.66 Safari/537.36"
::1 - - [25/Nov/2020:05:13:03 +0000] "POST /api/v1/auth/login HTTP/1.1" 400 43 "http://localhost:3000/" "Mozilla/5.0 (Windows NT 10.0; Win64; x64) AppleWebKit/537.36 (KHTML, like Gecko) Chrome/87.0.4280.66 Safari/537.36"
::1 - - [25/Nov/2020:05:13:14 +0000] "POST /api/v1/auth/login HTTP/1.1" 400 43 "http://localhost:3000/" "Mozilla/5.0 (Windows NT 10.0; Win64; x64) AppleWebKit/537.36 (KHTML, like Gecko) Chrome/87.0.4280.66 Safari/537.36"
::1 - - [25/Nov/2020:05:21:05 +0000] "POST /api/v1/auth/login HTTP/1.1" 400 43 "http://localhost:3000/" "Mozilla/5.0 (Windows NT 10.0; Win64; x64) AppleWebKit/537.36 (KHTML, like Gecko) Chrome/87.0.4280.66 Safari/537.36"
::1 - - [25/Nov/2020:05:21:14 +0000] "POST /api/v1/auth/login HTTP/1.1" 400 43 "http://localhost:3000/" "Mozilla/5.0 (Windows NT 10.0; Win64; x64) AppleWebKit/537.36 (KHTML, like Gecko) Chrome/87.0.4280.66 Safari/537.36"
::1 - - [25/Nov/2020:06:41:44 +0000] "GET /account HTTP/1.1" 404 146 "-" "PostmanRuntime/7.26.8"
::1 - - [25/Nov/2020:06:41:58 +0000] "GET /auth/login HTTP/1.1" 404 149 "-" "PostmanRuntime/7.26.8"
::1 - - [25/Nov/2020:06:42:19 +0000] "POST /auth/login HTTP/1.1" 200 15 "-" "PostmanRuntime/7.26.8"
::1 - - [25/Nov/2020:07:28:08 +0000] "GET /api/v1 HTTP/1.1" 404 145 "-" "Mozilla/5.0 (Windows NT 10.0; Win64; x64) AppleWebKit/537.36 (KHTML, like Gecko) Chrome/87.0.4280.66 Safari/537.36"
::1 - - [25/Nov/2020:08:17:53 +0000] "POST /auth/login HTTP/1.1" 200 15 "-" "PostmanRuntime/7.26.8"
::1 - - [25/Nov/2020:08:26:36 +0000] "POST /api/v1/auth/login HTTP/1.1" 400 43 "http://localhost:3000/" "Mozilla/5.0 (Windows NT 10.0; Win64; x64) AppleWebKit/537.36 (KHTML, like Gecko) Chrome/87.0.4280.66 Safari/537.36"
::1 - - [25/Nov/2020:08:26:42 +0000] "POST /api/v1/auth/login HTTP/1.1" 400 43 "http://localhost:3000/" "Mozilla/5.0 (Windows NT 10.0; Win64; x64) AppleWebKit/537.36 (KHTML, like Gecko) Chrome/87.0.4280.66 Safari/537.36"
::1 - - [25/Nov/2020:08:26:56 +0000] "POST /api/v1/auth/login HTTP/1.1" 400 43 "http://localhost:3000/" "Mozilla/5.0 (Windows NT 10.0; Win64; x64) AppleWebKit/537.36 (KHTML, like Gecko) Chrome/87.0.4280.66 Safari/537.36"
::1 - - [25/Nov/2020:08:37:22 +0000] "POST /api/v1/auth/login HTTP/1.1" 400 43 "http://localhost:3000/" "Mozilla/5.0 (Windows NT 10.0; Win64; x64) AppleWebKit/537.36 (KHTML, like Gecko) Chrome/87.0.4280.66 Safari/537.36"
::1 - - [25/Nov/2020:08:37:24 +0000] "POST /api/v1/auth/login HTTP/1.1" 400 43 "http://localhost:3000/" "Mozilla/5.0 (Windows NT 10.0; Win64; x64) AppleWebKit/537.36 (KHTML, like Gecko) Chrome/87.0.4280.66 Safari/537.36"
::1 - - [25/Nov/2020:08:38:09 +0000] "POST /api/v1/auth/login HTTP/1.1" 400 43 "http://localhost:3000/" "Mozilla/5.0 (Windows NT 10.0; Win64; x64) AppleWebKit/537.36 (KHTML, like Gecko) Chrome/87.0.4280.66 Safari/537.36"
::1 - - [25/Nov/2020:08:39:02 +0000] "POST /api/v1/auth/login HTTP/1.1" 400 43 "http://localhost:3000/" "Mozilla/5.0 (Windows NT 10.0; Win64; x64) AppleWebKit/537.36 (KHTML, like Gecko) Chrome/87.0.4280.66 Safari/537.36"
::1 - - [25/Nov/2020:08:45:03 +0000] "POST //auth/login HTTP/1.1" 404 151 "http://localhost:3000/" "Mozilla/5.0 (Windows NT 10.0; Win64; x64) AppleWebKit/537.36 (KHTML, like Gecko) Chrome/87.0.4280.66 Safari/537.36"
::1 - - [25/Nov/2020:08:45:18 +0000] "POST /auth/login HTTP/1.1" 200 15 "http://localhost:3000/" "Mozilla/5.0 (Windows NT 10.0; Win64; x64) AppleWebKit/537.36 (KHTML, like Gecko) Chrome/87.0.4280.66 Safari/537.36"
::1 - - [25/Nov/2020:08:45:38 +0000] "POST /auth/login HTTP/1.1" 200 15 "-" "PostmanRuntime/7.26.8"
::1 - - [25/Nov/2020:08:47:07 +0000] "POST /auth/login HTTP/1.1" 200 15 "http://localhost:3000/" "Mozilla/5.0 (Windows NT 10.0; Win64; x64) AppleWebKit/537.36 (KHTML, like Gecko) Chrome/87.0.4280.66 Safari/537.36"
::1 - - [25/Nov/2020:08:49:03 +0000] "POST /api/v1/auth/login HTTP/1.1" 400 43 "http://localhost:3000/" "Mozilla/5.0 (Windows NT 10.0; Win64; x64) AppleWebKit/537.36 (KHTML, like Gecko) Chrome/87.0.4280.66 Safari/537.36"
::1 - - [25/Nov/2020:08:49:31 +0000] "POST //auth/login HTTP/1.1" 404 151 "http://localhost:3000/" "Mozilla/5.0 (Windows NT 10.0; Win64; x64) AppleWebKit/537.36 (KHTML, like Gecko) Chrome/87.0.4280.66 Safari/537.36"
::1 - - [25/Nov/2020:08:49:59 +0000] "POST /api/v1/auth/login HTTP/1.1" 400 43 "http://localhost:3000/" "Mozilla/5.0 (Windows NT 10.0; Win64; x64) AppleWebKit/537.36 (KHTML, like Gecko) Chrome/87.0.4280.66 Safari/537.36"
::1 - - [25/Nov/2020:08:50:07 +0000] "POST /api/v1/auth/login HTTP/1.1" 400 43 "http://localhost:3000/" "Mozilla/5.0 (Windows NT 10.0; Win64; x64) AppleWebKit/537.36 (KHTML, like Gecko) Chrome/87.0.4280.66 Safari/537.36"
::1 - - [25/Nov/2020:08:51:30 +0000] "GET / HTTP/1.1" 404 139 "-" "Mozilla/5.0 (Windows NT 10.0; Win64; x64) AppleWebKit/537.36 (KHTML, like Gecko) Chrome/87.0.4280.66 Safari/537.36"
::1 - - [25/Nov/2020:08:51:50 +0000] "POST /auth/login HTTP/1.1" 200 15 "http://localhost:3000/" "Mozilla/5.0 (Windows NT 10.0; Win64; x64) AppleWebKit/537.36 (KHTML, like Gecko) Chrome/87.0.4280.66 Safari/537.36"
::1 - - [25/Nov/2020:09:15:21 +0000] "POST /auth/login HTTP/1.1" 200 15 "http://localhost:3000/" "Mozilla/5.0 (Windows NT 10.0; Win64; x64) AppleWebKit/537.36 (KHTML, like Gecko) Chrome/87.0.4280.66 Safari/537.36"
::1 - - [25/Nov/2020:09:17:01 +0000] "POST /auth/login HTTP/1.1" 200 15 "http://localhost:3000/" "Mozilla/5.0 (Windows NT 10.0; Win64; x64) AppleWebKit/537.36 (KHTML, like Gecko) Chrome/87.0.4280.66 Safari/537.36"
::1 - - [25/Nov/2020:09:17:05 +0000] "POST /auth/login HTTP/1.1" 200 15 "http://localhost:3000/" "Mozilla/5.0 (Windows NT 10.0; Win64; x64) AppleWebKit/537.36 (KHTML, like Gecko) Chrome/87.0.4280.66 Safari/537.36"
::1 - - [25/Nov/2020:09:17:06 +0000] "POST /auth/login HTTP/1.1" 200 15 "http://localhost:3000/" "Mozilla/5.0 (Windows NT 10.0; Win64; x64) AppleWebKit/537.36 (KHTML, like Gecko) Chrome/87.0.4280.66 Safari/537.36"
::1 - - [25/Nov/2020:09:18:22 +0000] "POST /auth/login HTTP/1.1" 200 15 "http://localhost:3000/" "Mozilla/5.0 (Windows NT 10.0; Win64; x64) AppleWebKit/537.36 (KHTML, like Gecko) Chrome/87.0.4280.66 Safari/537.36"
::1 - - [25/Nov/2020:09:19:38 +0000] "GET /api/v1/auth/login HTTP/1.1" 404 156 "-" "PostmanRuntime/7.26.8"
::1 - - [25/Nov/2020:09:19:56 +0000] "GET /auth/login HTTP/1.1" 404 149 "-" "PostmanRuntime/7.26.8"
::1 - - [25/Nov/2020:09:23:39 +0000] "POST /auth/login HTTP/1.1" 400 43 "-" "PostmanRuntime/7.26.8"
::1 - - [25/Nov/2020:09:24:08 +0000] "GET /auth/login HTTP/1.1" 404 149 "-" "PostmanRuntime/7.26.8"
::1 - - [25/Nov/2020:09:25:45 +0000] "POST /auth/login HTTP/1.1" 400 43 "-" "PostmanRuntime/7.26.8"
::1 - - [25/Nov/2020:09:25:56 +0000] "POST /auth/login HTTP/1.1" 400 43 "-" "PostmanRuntime/7.26.8"
::1 - - [25/Nov/2020:09:25:59 +0000] "POST /auth/login HTTP/1.1" 400 43 "-" "PostmanRuntime/7.26.8"
::1 - - [25/Nov/2020:09:26:13 +0000] "POST /auth/login HTTP/1.1" 400 43 "-" "PostmanRuntime/7.26.8"
::1 - - [25/Nov/2020:09:26:14 +0000] "POST /auth/login HTTP/1.1" 400 43 "-" "PostmanRuntime/7.26.8"
::1 - - [25/Nov/2020:09:27:08 +0000] "POST /auth/login HTTP/1.1" 400 43 "http://localhost:3000/" "Mozilla/5.0 (Windows NT 10.0; Win64; x64) AppleWebKit/537.36 (KHTML, like Gecko) Chrome/87.0.4280.66 Safari/537.36"
::1 - - [25/Nov/2020:09:28:09 +0000] "GET /auth/login HTTP/1.1" 404 149 "-" "PostmanRuntime/7.26.8"
::1 - - [25/Nov/2020:09:29:25 +0000] "POST /auth/login HTTP/1.1" 400 43 "http://localhost:3000/" "Mozilla/5.0 (Windows NT 10.0; Win64; x64) AppleWebKit/537.36 (KHTML, like Gecko) Chrome/87.0.4280.66 Safari/537.36"
::1 - - [25/Nov/2020:09:30:26 +0000] "POST /auth/login HTTP/1.1" 400 43 "http://localhost:3000/" "Mozilla/5.0 (Windows NT 10.0; Win64; x64) AppleWebKit/537.36 (KHTML, like Gecko) Chrome/87.0.4280.66 Safari/537.36"
::1 - - [25/Nov/2020:09:30:31 +0000] "POST /auth/login HTTP/1.1" 400 43 "http://localhost:3000/" "Mozilla/5.0 (Windows NT 10.0; Win64; x64) AppleWebKit/537.36 (KHTML, like Gecko) Chrome/87.0.4280.66 Safari/537.36"
::1 - - [25/Nov/2020:09:33:08 +0000] "POST /auth/login HTTP/1.1" 400 43 "http://localhost:3000/" "Mozilla/5.0 (Windows NT 10.0; Win64; x64) AppleWebKit/537.36 (KHTML, like Gecko) Chrome/87.0.4280.66 Safari/537.36"
::1 - - [25/Nov/2020:09:35:08 +0000] "POST /auth/login HTTP/1.1" 400 43 "http://localhost:3000/" "Mozilla/5.0 (Windows NT 10.0; Win64; x64) AppleWebKit/537.36 (KHTML, like Gecko) Chrome/87.0.4280.66 Safari/537.36"
::1 - - [25/Nov/2020:09:35:15 +0000] "GET /auth/login HTTP/1.1" 404 149 "-" "PostmanRuntime/7.26.8"
::1 - - [25/Nov/2020:09:35:43 +0000] "GET /account HTTP/1.1" 500 2887 "-" "PostmanRuntime/7.26.8"
::1 - - [25/Nov/2020:09:38:29 +0000] "POST /auth/login HTTP/1.1" 400 43 "http://localhost:3000/" "Mozilla/5.0 (Windows NT 10.0; Win64; x64) AppleWebKit/537.36 (KHTML, like Gecko) Chrome/87.0.4280.66 Safari/537.36"
::1 - - [25/Nov/2020:09:39:35 +0000] "GET /account HTTP/1.1" 500 2887 "-" "PostmanRuntime/7.26.8"
::1 - - [25/Nov/2020:09:39:40 +0000] "POST /auth/login HTTP/1.1" 400 43 "-" "PostmanRuntime/7.26.8"
::1 - - [25/Nov/2020:09:43:13 +0000] "POST /auth/login HTTP/1.1" 200 15 "http://localhost:3000/" "Mozilla/5.0 (Windows NT 10.0; Win64; x64) AppleWebKit/537.36 (KHTML, like Gecko) Chrome/87.0.4280.66 Safari/537.36"
::1 - - [25/Nov/2020:09:44:30 +0000] "POST /auth/login HTTP/1.1" 200 15 "http://localhost:3000/" "Mozilla/5.0 (Windows NT 10.0; Win64; x64) AppleWebKit/537.36 (KHTML, like Gecko) Chrome/87.0.4280.66 Safari/537.36"
::1 - - [25/Nov/2020:09:51:21 +0000] "POST /auth/login HTTP/1.1" 200 15 "http://localhost:3000/" "Mozilla/5.0 (Windows NT 10.0; Win64; x64) AppleWebKit/537.36 (KHTML, like Gecko) Chrome/87.0.4280.66 Safari/537.36"
::1 - - [25/Nov/2020:10:01:09 +0000] "POST /auth/login HTTP/1.1" 200 15 "http://localhost:3000/" "Mozilla/5.0 (Windows NT 10.0; Win64; x64) AppleWebKit/537.36 (KHTML, like Gecko) Chrome/87.0.4280.66 Safari/537.36"
::1 - - [26/Nov/2020:10:29:05 +0000] "POST /auth/login HTTP/1.1" 400 43 "-" "PostmanRuntime/7.26.8"
::1 - - [26/Nov/2020:10:31:48 +0000] "POST /auth/login HTTP/1.1" - - "-" "PostmanRuntime/7.26.8"
::1 - - [26/Nov/2020:10:31:57 +0000] "POST /auth/login HTTP/1.1" 400 43 "-" "PostmanRuntime/7.26.8"
::1 - - [26/Nov/2020:10:41:31 +0000] "POST /auth/login HTTP/1.1" 400 43 "-" "PostmanRuntime/7.26.8"
::1 - - [26/Nov/2020:10:41:39 +0000] "GET /account HTTP/1.1" 500 30 "-" "PostmanRuntime/7.26.8"
::1 - - [26/Nov/2020:10:46:11 +0000] "POST /auth/login HTTP/1.1" 400 43 "http://localhost:3000/" "Mozilla/5.0 (Windows NT 10.0; Win64; x64) AppleWebKit/537.36 (KHTML, like Gecko) Chrome/87.0.4280.66 Safari/537.36"
::1 - - [01/Dec/2020:04:10:46 +0000] "GET /account HTTP/1.1" 200 844 "-" "PostmanRuntime/7.26.8"
::1 - - [01/Dec/2020:04:11:06 +0000] "POST /auth/login HTTP/1.1" 400 43 "-" "PostmanRuntime/7.26.8"
::1 - - [01/Dec/2020:04:12:19 +0000] "POST /auth/login HTTP/1.1" 400 43 "http://localhost:3000/" "Mozilla/5.0 (Windows NT 10.0; Win64; x64) AppleWebKit/537.36 (KHTML, like Gecko) Chrome/87.0.4280.66 Safari/537.36"
::1 - - [01/Dec/2020:04:12:20 +0000] "POST /auth/login HTTP/1.1" 400 43 "http://localhost:3000/" "Mozilla/5.0 (Windows NT 10.0; Win64; x64) AppleWebKit/537.36 (KHTML, like Gecko) Chrome/87.0.4280.66 Safari/537.36"
::1 - - [01/Dec/2020:04:12:20 +0000] "POST /auth/login HTTP/1.1" 400 43 "http://localhost:3000/" "Mozilla/5.0 (Windows NT 10.0; Win64; x64) AppleWebKit/537.36 (KHTML, like Gecko) Chrome/87.0.4280.66 Safari/537.36"
::1 - - [01/Dec/2020:04:12:28 +0000] "POST /auth/login HTTP/1.1" 400 43 "http://localhost:3000/" "Mozilla/5.0 (Windows NT 10.0; Win64; x64) AppleWebKit/537.36 (KHTML, like Gecko) Chrome/87.0.4280.66 Safari/537.36"
::1 - - [01/Dec/2020:04:12:29 +0000] "POST /auth/login HTTP/1.1" 400 43 "http://localhost:3000/" "Mozilla/5.0 (Windows NT 10.0; Win64; x64) AppleWebKit/537.36 (KHTML, like Gecko) Chrome/87.0.4280.66 Safari/537.36"
::1 - - [01/Dec/2020:04:12:29 +0000] "POST /auth/login HTTP/1.1" 400 43 "http://localhost:3000/" "Mozilla/5.0 (Windows NT 10.0; Win64; x64) AppleWebKit/537.36 (KHTML, like Gecko) Chrome/87.0.4280.66 Safari/537.36"
::1 - - [01/Dec/2020:04:13:39 +0000] "POST /auth/login HTTP/1.1" 400 43 "-" "PostmanRuntime/7.26.8"
::1 - - [01/Dec/2020:04:27:41 +0000] "POST /auth/login HTTP/1.1" 400 43 "http://localhost:3000/" "Mozilla/5.0 (Windows NT 10.0; Win64; x64) AppleWebKit/537.36 (KHTML, like Gecko) Chrome/87.0.4280.66 Safari/537.36"
::1 - - [01/Dec/2020:04:41:49 +0000] "POST /auth/login HTTP/1.1" 400 43 "-" "PostmanRuntime/7.26.8"
::1 - - [01/Dec/2020:04:41:53 +0000] "GET /account HTTP/1.1" 200 844 "-" "PostmanRuntime/7.26.8"
::1 - - [01/Dec/2020:06:58:52 +0000] "GET /report HTTP/1.1" 404 145 "-" "PostmanRuntime/7.26.8"
::1 - - [01/Dec/2020:06:59:04 +0000] "GET /report HTTP/1.1" 404 145 "-" "PostmanRuntime/7.26.8"
::1 - - [01/Dec/2020:06:59:07 +0000] "GET /reports HTTP/1.1" 500 30 "-" "PostmanRuntime/7.26.8"
::1 - - [01/Dec/2020:11:12:48 +0000] "POST /auth/login HTTP/1.1" 400 43 "http://localhost:3000/" "Mozilla/5.0 (Windows NT 10.0; Win64; x64) AppleWebKit/537.36 (KHTML, like Gecko) Chrome/87.0.4280.66 Safari/537.36"
::1 - - [02/Dec/2020:02:42:03 +0000] "GET /auth/login HTTP/1.1" 404 149 "http://localhost:3000/" "Mozilla/5.0 (Windows NT 10.0; Win64; x64) AppleWebKit/537.36 (KHTML, like Gecko) Chrome/87.0.4280.66 Safari/537.36"
::1 - - [02/Dec/2020:02:42:04 +0000] "GET /auth/login HTTP/1.1" 404 149 "http://localhost:3000/" "Mozilla/5.0 (Windows NT 10.0; Win64; x64) AppleWebKit/537.36 (KHTML, like Gecko) Chrome/87.0.4280.66 Safari/537.36"
::1 - - [02/Dec/2020:02:42:04 +0000] "GET /auth/login HTTP/1.1" 404 149 "http://localhost:3000/" "Mozilla/5.0 (Windows NT 10.0; Win64; x64) AppleWebKit/537.36 (KHTML, like Gecko) Chrome/87.0.4280.66 Safari/537.36"
::1 - - [02/Dec/2020:02:42:04 +0000] "GET /auth/login HTTP/1.1" 404 149 "http://localhost:3000/" "Mozilla/5.0 (Windows NT 10.0; Win64; x64) AppleWebKit/537.36 (KHTML, like Gecko) Chrome/87.0.4280.66 Safari/537.36"
::1 - - [02/Dec/2020:02:42:05 +0000] "GET /auth/login HTTP/1.1" 404 149 "http://localhost:3000/" "Mozilla/5.0 (Windows NT 10.0; Win64; x64) AppleWebKit/537.36 (KHTML, like Gecko) Chrome/87.0.4280.66 Safari/537.36"
::1 - - [02/Dec/2020:02:42:05 +0000] "GET /auth/login HTTP/1.1" 404 149 "http://localhost:3000/" "Mozilla/5.0 (Windows NT 10.0; Win64; x64) AppleWebKit/537.36 (KHTML, like Gecko) Chrome/87.0.4280.66 Safari/537.36"
::1 - - [02/Dec/2020:02:42:05 +0000] "GET /auth/login HTTP/1.1" 404 149 "http://localhost:3000/" "Mozilla/5.0 (Windows NT 10.0; Win64; x64) AppleWebKit/537.36 (KHTML, like Gecko) Chrome/87.0.4280.66 Safari/537.36"
::1 - - [02/Dec/2020:02:42:05 +0000] "GET /auth/login HTTP/1.1" 404 149 "http://localhost:3000/" "Mozilla/5.0 (Windows NT 10.0; Win64; x64) AppleWebKit/537.36 (KHTML, like Gecko) Chrome/87.0.4280.66 Safari/537.36"
::1 - - [02/Dec/2020:02:42:05 +0000] "GET /auth/login HTTP/1.1" 404 149 "http://localhost:3000/" "Mozilla/5.0 (Windows NT 10.0; Win64; x64) AppleWebKit/537.36 (KHTML, like Gecko) Chrome/87.0.4280.66 Safari/537.36"
::1 - - [02/Dec/2020:02:43:03 +0000] "POST /auth/login HTTP/1.1" 400 43 "http://localhost:3000/" "Mozilla/5.0 (Windows NT 10.0; Win64; x64) AppleWebKit/537.36 (KHTML, like Gecko) Chrome/87.0.4280.66 Safari/537.36"
::1 - - [02/Dec/2020:03:30:05 +0000] "POST /auth/login HTTP/1.1" 400 43 "http://localhost:3000/" "Mozilla/5.0 (Windows NT 10.0; Win64; x64) AppleWebKit/537.36 (KHTML, like Gecko) Chrome/87.0.4280.66 Safari/537.36"
::1 - - [02/Dec/2020:03:30:14 +0000] "POST /auth/login HTTP/1.1" 400 43 "http://localhost:3000/" "Mozilla/5.0 (Windows NT 10.0; Win64; x64) AppleWebKit/537.36 (KHTML, like Gecko) Chrome/87.0.4280.66 Safari/537.36"
::1 - - [02/Dec/2020:03:36:29 +0000] "POST /auth/login HTTP/1.1" 400 43 "http://localhost:3000/" "Mozilla/5.0 (Windows NT 10.0; Win64; x64) AppleWebKit/537.36 (KHTML, like Gecko) Chrome/87.0.4280.66 Safari/537.36"
::1 - - [02/Dec/2020:03:36:34 +0000] "POST /auth/login HTTP/1.1" 400 43 "http://localhost:3000/" "Mozilla/5.0 (Windows NT 10.0; Win64; x64) AppleWebKit/537.36 (KHTML, like Gecko) Chrome/87.0.4280.66 Safari/537.36"
::1 - - [02/Dec/2020:03:50:09 +0000] "POST /auth/login HTTP/1.1" 400 43 "http://localhost:3000/" "Mozilla/5.0 (Windows NT 10.0; Win64; x64) AppleWebKit/537.36 (KHTML, like Gecko) Chrome/87.0.4280.66 Safari/537.36"
::1 - - [02/Dec/2020:05:24:11 +0000] "POST /auth/login HTTP/1.1" 400 43 "http://localhost:3000/" "Mozilla/5.0 (Windows NT 10.0; Win64; x64) AppleWebKit/537.36 (KHTML, like Gecko) Chrome/87.0.4280.66 Safari/537.36"
::1 - - [02/Dec/2020:05:24:36 +0000] "POST /auth/login HTTP/1.1" 400 43 "http://localhost:3000/" "Mozilla/5.0 (Windows NT 10.0; Win64; x64) AppleWebKit/537.36 (KHTML, like Gecko) Chrome/87.0.4280.66 Safari/537.36"
::1 - - [02/Dec/2020:05:27:09 +0000] "POST /auth/login HTTP/1.1" 400 43 "http://localhost:3000/" "Mozilla/5.0 (Windows NT 10.0; Win64; x64) AppleWebKit/537.36 (KHTML, like Gecko) Chrome/87.0.4280.66 Safari/537.36"
::1 - - [02/Dec/2020:05:32:35 +0000] "POST /auth/login HTTP/1.1" 400 43 "http://localhost:3000/" "Mozilla/5.0 (Windows NT 10.0; Win64; x64) AppleWebKit/537.36 (KHTML, like Gecko) Chrome/87.0.4280.66 Safari/537.36"
::1 - - [02/Dec/2020:05:34:00 +0000] "POST /auth/login HTTP/1.1" 400 43 "http://localhost:3000/" "Mozilla/5.0 (Windows NT 10.0; Win64; x64) AppleWebKit/537.36 (KHTML, like Gecko) Chrome/87.0.4280.66 Safari/537.36"
::1 - - [02/Dec/2020:05:34:47 +0000] "POST /auth/login HTTP/1.1" 400 43 "http://localhost:3000/" "Mozilla/5.0 (Windows NT 10.0; Win64; x64) AppleWebKit/537.36 (KHTML, like Gecko) Chrome/87.0.4280.66 Safari/537.36"
::1 - - [02/Dec/2020:05:35:15 +0000] "POST /auth/login HTTP/1.1" 400 43 "http://localhost:3000/" "Mozilla/5.0 (Windows NT 10.0; Win64; x64) AppleWebKit/537.36 (KHTML, like Gecko) Chrome/87.0.4280.66 Safari/537.36"
::1 - - [02/Dec/2020:05:35:41 +0000] "POST /auth/login HTTP/1.1" 400 43 "http://localhost:3000/" "Mozilla/5.0 (Windows NT 10.0; Win64; x64) AppleWebKit/537.36 (KHTML, like Gecko) Chrome/87.0.4280.66 Safari/537.36"
::1 - - [02/Dec/2020:07:02:29 +0000] "POST /auth/login HTTP/1.1" - - "http://localhost:3000/" "Mozilla/5.0 (Windows NT 10.0; Win64; x64) AppleWebKit/537.36 (KHTML, like Gecko) Chrome/87.0.4280.66 Safari/537.36"
::1 - - [02/Dec/2020:07:05:15 +0000] "POST /auth/login HTTP/1.1" - - "http://localhost:3000/" "Mozilla/5.0 (Windows NT 10.0; Win64; x64) AppleWebKit/537.36 (KHTML, like Gecko) Chrome/87.0.4280.66 Safari/537.36"
::1 - - [02/Dec/2020:09:50:29 +0000] "POST /auth/login HTTP/1.1" - - "http://localhost:3000/" "Mozilla/5.0 (Windows NT 10.0; Win64; x64) AppleWebKit/537.36 (KHTML, like Gecko) Chrome/87.0.4280.66 Safari/537.36"
