::1 - - [04/Jan/2021:03:58:51 +0000] "GET /account HTTP/1.1" 200 844 "-" "PostmanRuntime/7.26.8"
::1 - - [04/Jan/2021:04:02:31 +0000] "POST /account HTTP/1.1" 400 46 "-" "PostmanRuntime/7.26.8"
::1 - - [04/Jan/2021:04:04:15 +0000] "POST /account HTTP/1.1" 400 46 "-" "PostmanRuntime/7.26.8"
::1 - - [04/Jan/2021:04:05:45 +0000] "GET /account HTTP/1.1" 200 844 "-" "PostmanRuntime/7.26.8"
::1 - - [04/Jan/2021:04:06:27 +0000] "POST /account?username=user5&password=52345&phone=09123456785&role=USER HTTP/1.1" 400 46 "-" "PostmanRuntime/7.26.8"
::1 - - [04/Jan/2021:04:06:44 +0000] "POST /account HTTP/1.1" 400 46 "-" "PostmanRuntime/7.26.8"
::1 - - [04/Jan/2021:04:23:51 +0000] "GET /account HTTP/1.1" 200 834 "-" "PostmanRuntime/7.26.8"
::1 - - [04/Jan/2021:04:24:13 +0000] "POST /account HTTP/1.1" 400 46 "-" "PostmanRuntime/7.26.8"
::1 - - [04/Jan/2021:04:36:54 +0000] "POST /account HTTP/1.1" 400 46 "http://localhost:3000/" "Mozilla/5.0 (Windows NT 10.0; Win64; x64) AppleWebKit/537.36 (KHTML, like Gecko) Chrome/87.0.4280.88 Safari/537.36"
::1 - - [04/Jan/2021:04:37:32 +0000] "POST /account HTTP/1.1" 400 46 "http://localhost:3000/" "Mozilla/5.0 (Windows NT 10.0; Win64; x64) AppleWebKit/537.36 (KHTML, like Gecko) Chrome/87.0.4280.88 Safari/537.36"
::1 - - [04/Jan/2021:04:37:33 +0000] "POST /account HTTP/1.1" 400 46 "http://localhost:3000/" "Mozilla/5.0 (Windows NT 10.0; Win64; x64) AppleWebKit/537.36 (KHTML, like Gecko) Chrome/87.0.4280.88 Safari/537.36"
::1 - - [04/Jan/2021:04:37:34 +0000] "POST /account HTTP/1.1" 400 46 "http://localhost:3000/" "Mozilla/5.0 (Windows NT 10.0; Win64; x64) AppleWebKit/537.36 (KHTML, like Gecko) Chrome/87.0.4280.88 Safari/537.36"
::1 - - [04/Jan/2021:04:44:17 +0000] "POST /account HTTP/1.1" 400 46 "-" "PostmanRuntime/7.26.8"
::1 - - [04/Jan/2021:04:50:41 +0000] "POST /account HTTP/1.1" 400 46 "http://localhost:3000/" "Mozilla/5.0 (Windows NT 10.0; Win64; x64) AppleWebKit/537.36 (KHTML, like Gecko) Chrome/87.0.4280.88 Safari/537.36"
::1 - - [04/Jan/2021:04:51:34 +0000] "POST /account HTTP/1.1" 400 46 "http://localhost:3000/" "Mozilla/5.0 (Windows NT 10.0; Win64; x64) AppleWebKit/537.36 (KHTML, like Gecko) Chrome/87.0.4280.88 Safari/537.36"
::1 - - [04/Jan/2021:04:52:02 +0000] "POST /account HTTP/1.1" 400 46 "http://localhost:3000/" "Mozilla/5.0 (Windows NT 10.0; Win64; x64) AppleWebKit/537.36 (KHTML, like Gecko) Chrome/87.0.4280.88 Safari/537.36"
::1 - - [04/Jan/2021:04:54:30 +0000] "POST /account HTTP/1.1" 400 46 "http://localhost:3000/" "Mozilla/5.0 (Windows NT 10.0; Win64; x64) AppleWebKit/537.36 (KHTML, like Gecko) Chrome/87.0.4280.88 Safari/537.36"
::1 - - [04/Jan/2021:04:56:01 +0000] "POST /account HTTP/1.1" 400 46 "http://localhost:3000/" "Mozilla/5.0 (Windows NT 10.0; Win64; x64) AppleWebKit/537.36 (KHTML, like Gecko) Chrome/87.0.4280.88 Safari/537.36"
::1 - - [04/Jan/2021:04:57:19 +0000] "POST /account HTTP/1.1" 400 46 "http://localhost:3000/" "Mozilla/5.0 (Windows NT 10.0; Win64; x64) AppleWebKit/537.36 (KHTML, like Gecko) Chrome/87.0.4280.88 Safari/537.36"
::1 - - [04/Jan/2021:04:57:53 +0000] "POST /account HTTP/1.1" 400 46 "-" "PostmanRuntime/7.26.8"
::1 - - [04/Jan/2021:04:58:02 +0000] "POST /account?username=user5&password=52345&phone=09123456785&role=USER HTTP/1.1" 400 46 "-" "PostmanRuntime/7.26.8"
::1 - - [04/Jan/2021:05:47:57 +0000] "POST /account HTTP/1.1" 400 46 "http://localhost:3000/" "Mozilla/5.0 (Windows NT 10.0; Win64; x64) AppleWebKit/537.36 (KHTML, like Gecko) Chrome/87.0.4280.88 Safari/537.36"
::1 - - [04/Jan/2021:05:48:02 +0000] "GET /account HTTP/1.1" 200 834 "http://localhost:3000/" "Mozilla/5.0 (Windows NT 10.0; Win64; x64) AppleWebKit/537.36 (KHTML, like Gecko) Chrome/87.0.4280.88 Safari/537.36"
::1 - - [04/Jan/2021:05:49:27 +0000] "GET /account HTTP/1.1" 304 - "http://localhost:3000/" "Mozilla/5.0 (Windows NT 10.0; Win64; x64) AppleWebKit/537.36 (KHTML, like Gecko) Chrome/87.0.4280.88 Safari/537.36"
::1 - - [04/Jan/2021:05:51:03 +0000] "GET /account HTTP/1.1" 304 - "http://localhost:3000/" "Mozilla/5.0 (Windows NT 10.0; Win64; x64) AppleWebKit/537.36 (KHTML, like Gecko) Chrome/87.0.4280.88 Safari/537.36"
::1 - - [04/Jan/2021:05:51:54 +0000] "GET /account HTTP/1.1" 304 - "http://localhost:3000/" "Mozilla/5.0 (Windows NT 10.0; Win64; x64) AppleWebKit/537.36 (KHTML, like Gecko) Chrome/87.0.4280.88 Safari/537.36"
::1 - - [04/Jan/2021:06:26:01 +0000] "GET /reports HTTP/1.1" 500 30 "-" "PostmanRuntime/7.26.8"
::1 - - [04/Jan/2021:06:27:08 +0000] "GET /report HTTP/1.1" 404 145 "-" "PostmanRuntime/7.26.8"
::1 - - [04/Jan/2021:06:28:41 +0000] "GET /report HTTP/1.1" 404 145 "-" "PostmanRuntime/7.26.8"
::1 - - [04/Jan/2021:06:28:48 +0000] "GET /reports HTTP/1.1" 500 30 "-" "PostmanRuntime/7.26.8"
::1 - - [04/Jan/2021:06:30:41 +0000] "GET /reports HTTP/1.1" 500 1503 "-" "PostmanRuntime/7.26.8"
::1 - - [04/Jan/2021:06:36:06 +0000] "GET /reports HTTP/1.1" 500 1503 "-" "PostmanRuntime/7.26.8"
::1 - - [04/Jan/2021:06:45:32 +0000] "GET /reports HTTP/1.1" 500 1503 "-" "PostmanRuntime/7.26.8"
::1 - - [04/Jan/2021:06:46:15 +0000] "GET /reports HTTP/1.1" 500 1503 "-" "PostmanRuntime/7.26.8"
::1 - - [04/Jan/2021:06:50:33 +0000] "GET /reports HTTP/1.1" 500 1503 "-" "PostmanRuntime/7.26.8"
::1 - - [04/Jan/2021:07:37:17 +0000] "POST /account?username=user5&password=52345&phone=09123456785&role=USER HTTP/1.1" 400 46 "-" "PostmanRuntime/7.26.8"
::1 - - [04/Jan/2021:07:37:32 +0000] "POST /account HTTP/1.1" 400 46 "-" "PostmanRuntime/7.26.8"
::1 - - [04/Jan/2021:07:44:58 +0000] "POST /account HTTP/1.1" 400 46 "-" "PostmanRuntime/7.26.8"
::1 - - [04/Jan/2021:07:45:17 +0000] "POST /account?username=user5&password=52345&phone=09123456785&role=USER HTTP/1.1" 400 46 "-" "PostmanRuntime/7.26.8"
::1 - - [04/Jan/2021:08:21:20 +0000] "POST /account?username=user5&password=52345&phone=09123456785&role=USER HTTP/1.1" 400 46 "-" "PostmanRuntime/7.26.8"
::1 - - [04/Jan/2021:09:07:43 +0000] "POST /account?username=user5&password=52345&phone=09123456785&role=USER HTTP/1.1" 400 46 "-" "PostmanRuntime/7.26.8"
::1 - - [04/Jan/2021:14:36:06 +0000] "POST /account?username=user5&password=52345&phone=09123456785&role=USER HTTP/1.1" 400 46 "-" "PostmanRuntime/7.26.8"
::1 - - [04/Jan/2021:15:18:36 +0000] "POST /account?username=user5&password=52345&phone=09123456785&role=USER HTTP/1.1" 400 46 "-" "PostmanRuntime/7.26.8"
::1 - - [04/Jan/2021:15:23:31 +0000] "POST /account?username=user5&password=52345&phone=09123456785&role=USER HTTP/1.1" 400 46 "-" "PostmanRuntime/7.26.8"
::1 - - [05/Jan/2021:05:59:27 +0000] "POST /account?username=user5&password=52345&phone=09123456785&role=USER HTTP/1.1" 400 46 "-" "PostmanRuntime/7.26.8"
::1 - - [05/Jan/2021:05:59:53 +0000] "POST /account?username=user5&password=52345&phone=09123456785&role=USER HTTP/1.1" 400 46 "-" "PostmanRuntime/7.26.8"
::1 - - [05/Jan/2021:06:01:04 +0000] "POST /account?username=user5&password=52345&phone=09123456785&role=USER HTTP/1.1" 400 46 "-" "PostmanRuntime/7.26.8"
::1 - - [05/Jan/2021:06:33:31 +0000] "POST /account?username=user5&password=52345&phone=09123456785&role=USER HTTP/1.1" 400 46 "-" "PostmanRuntime/7.26.8"
::1 - - [05/Jan/2021:06:37:53 +0000] "GET /reports HTTP/1.1" 500 30 "-" "PostmanRuntime/7.26.8"
::1 - - [05/Jan/2021:06:41:36 +0000] "GET /reports HTTP/1.1" 500 30 "-" "PostmanRuntime/7.26.8"
::1 - - [05/Jan/2021:06:55:11 +0000] "GET /report HTTP/1.1" 404 145 "-" "PostmanRuntime/7.26.8"
::1 - - [05/Jan/2021:06:55:25 +0000] "GET /reports HTTP/1.1" 500 30 "-" "PostmanRuntime/7.26.8"
::1 - - [05/Jan/2021:06:58:50 +0000] "GET /reports HTTP/1.1" 500 30 "-" "PostmanRuntime/7.26.8"
::1 - - [05/Jan/2021:08:09:48 +0000] "GET / HTTP/1.1" 404 139 "-" "PostmanRuntime/7.26.8"
::1 - - [05/Jan/2021:08:09:55 +0000] "GET /reports HTTP/1.1" 500 30 "-" "PostmanRuntime/7.26.8"
::1 - - [05/Jan/2021:09:10:00 +0000] "GET /reports HTTP/1.1" 500 30 "-" "PostmanRuntime/7.26.8"
::1 - - [05/Jan/2021:09:10:03 +0000] "GET /account HTTP/1.1" 200 834 "-" "PostmanRuntime/7.26.8"
::1 - - [05/Jan/2021:09:12:37 +0000] "GET /reports HTTP/1.1" 500 30 "-" "PostmanRuntime/7.26.8"
::1 - - [05/Jan/2021:09:16:04 +0000] "GET /reports HTTP/1.1" 500 30 "-" "PostmanRuntime/7.26.8"
::1 - - [05/Jan/2021:09:22:48 +0000] "GET /reports HTTP/1.1" 500 30 "http://localhost:3000/" "Mozilla/5.0 (Windows NT 10.0; Win64; x64) AppleWebKit/537.36 (KHTML, like Gecko) Chrome/87.0.4280.88 Safari/537.36"
::1 - - [05/Jan/2021:09:23:27 +0000] "GET /reports HTTP/1.1" 500 30 "http://localhost:3000/" "Mozilla/5.0 (Windows NT 10.0; Win64; x64) AppleWebKit/537.36 (KHTML, like Gecko) Chrome/87.0.4280.88 Safari/537.36"
::1 - - [05/Jan/2021:09:24:56 +0000] "GET /account HTTP/1.1" 304 - "http://localhost:3000/" "Mozilla/5.0 (Windows NT 10.0; Win64; x64) AppleWebKit/537.36 (KHTML, like Gecko) Chrome/87.0.4280.88 Safari/537.36"
::1 - - [05/Jan/2021:09:26:09 +0000] "GET /account HTTP/1.1" 304 - "http://localhost:3000/" "Mozilla/5.0 (Windows NT 10.0; Win64; x64) AppleWebKit/537.36 (KHTML, like Gecko) Chrome/87.0.4280.88 Safari/537.36"
::1 - - [05/Jan/2021:09:26:30 +0000] "GET /account HTTP/1.1" 304 - "http://localhost:3000/" "Mozilla/5.0 (Windows NT 10.0; Win64; x64) AppleWebKit/537.36 (KHTML, like Gecko) Chrome/87.0.4280.88 Safari/537.36"
::1 - - [05/Jan/2021:09:27:00 +0000] "GET /account HTTP/1.1" 304 - "http://localhost:3000/" "Mozilla/5.0 (Windows NT 10.0; Win64; x64) AppleWebKit/537.36 (KHTML, like Gecko) Chrome/87.0.4280.88 Safari/537.36"
::1 - - [05/Jan/2021:09:27:14 +0000] "GET /account HTTP/1.1" 304 - "http://localhost:3000/" "Mozilla/5.0 (Windows NT 10.0; Win64; x64) AppleWebKit/537.36 (KHTML, like Gecko) Chrome/87.0.4280.88 Safari/537.36"
::1 - - [05/Jan/2021:09:27:49 +0000] "GET /reports HTTP/1.1" 500 30 "http://localhost:3000/" "Mozilla/5.0 (Windows NT 10.0; Win64; x64) AppleWebKit/537.36 (KHTML, like Gecko) Chrome/87.0.4280.88 Safari/537.36"
::1 - - [05/Jan/2021:09:28:24 +0000] "GET /account HTTP/1.1" 304 - "http://localhost:3000/" "Mozilla/5.0 (Windows NT 10.0; Win64; x64) AppleWebKit/537.36 (KHTML, like Gecko) Chrome/87.0.4280.88 Safari/537.36"
::1 - - [05/Jan/2021:09:28:30 +0000] "GET /reports HTTP/1.1" 500 30 "http://localhost:3000/" "Mozilla/5.0 (Windows NT 10.0; Win64; x64) AppleWebKit/537.36 (KHTML, like Gecko) Chrome/87.0.4280.88 Safari/537.36"
::1 - - [05/Jan/2021:09:30:04 +0000] "DELETE /account?username=user5&password=52345&phone=09123456785&role=USER HTTP/1.1" 404 149 "-" "PostmanRuntime/7.26.8"
::1 - - [05/Jan/2021:09:30:28 +0000] "DELETE /account?username=user5 HTTP/1.1" 404 149 "-" "PostmanRuntime/7.26.8"
::1 - - [05/Jan/2021:09:32:16 +0000] "DELETE /account/ HTTP/1.1" 404 150 "-" "PostmanRuntime/7.26.8"
::1 - - [05/Jan/2021:09:33:22 +0000] "DELETE /account/ HTTP/1.1" 404 150 "-" "PostmanRuntime/7.26.8"
::1 - - [05/Jan/2021:09:36:24 +0000] "GET /account HTTP/1.1" 200 834 "http://localhost:3000/" "Mozilla/5.0 (Windows NT 10.0; Win64; x64) AppleWebKit/537.36 (KHTML, like Gecko) Chrome/87.0.4280.88 Safari/537.36"
::1 - - [05/Jan/2021:09:46:47 +0000] "GET /account HTTP/1.1" 304 - "http://localhost:3000/" "Mozilla/5.0 (Windows NT 10.0; Win64; x64) AppleWebKit/537.36 (KHTML, like Gecko) Chrome/87.0.4280.88 Safari/537.36"
::1 - - [05/Jan/2021:09:46:59 +0000] "GET /account HTTP/1.1" 304 - "http://localhost:3000/" "Mozilla/5.0 (Windows NT 10.0; Win64; x64) AppleWebKit/537.36 (KHTML, like Gecko) Chrome/87.0.4280.88 Safari/537.36"
::1 - - [05/Jan/2021:09:47:45 +0000] "GET /account HTTP/1.1" 304 - "http://localhost:3000/" "Mozilla/5.0 (Windows NT 10.0; Win64; x64) AppleWebKit/537.36 (KHTML, like Gecko) Chrome/87.0.4280.88 Safari/537.36"
::1 - - [05/Jan/2021:09:47:53 +0000] "GET /account HTTP/1.1" 304 - "http://localhost:3000/" "Mozilla/5.0 (Windows NT 10.0; Win64; x64) AppleWebKit/537.36 (KHTML, like Gecko) Chrome/87.0.4280.88 Safari/537.36"
::1 - - [05/Jan/2021:09:48:02 +0000] "GET /account HTTP/1.1" 304 - "http://localhost:3000/" "Mozilla/5.0 (Windows NT 10.0; Win64; x64) AppleWebKit/537.36 (KHTML, like Gecko) Chrome/87.0.4280.88 Safari/537.36"
::1 - - [05/Jan/2021:09:48:27 +0000] "GET /account HTTP/1.1" 304 - "http://localhost:3000/" "Mozilla/5.0 (Windows NT 10.0; Win64; x64) AppleWebKit/537.36 (KHTML, like Gecko) Chrome/87.0.4280.88 Safari/537.36"
::1 - - [05/Jan/2021:10:02:49 +0000] "GET /account HTTP/1.1" 304 - "http://localhost:3000/" "Mozilla/5.0 (Windows NT 10.0; Win64; x64) AppleWebKit/537.36 (KHTML, like Gecko) Chrome/87.0.4280.88 Safari/537.36"
::1 - - [05/Jan/2021:10:03:08 +0000] "GET /account HTTP/1.1" 304 - "http://localhost:3000/" "Mozilla/5.0 (Windows NT 10.0; Win64; x64) AppleWebKit/537.36 (KHTML, like Gecko) Chrome/87.0.4280.88 Safari/537.36"
::1 - - [05/Jan/2021:10:03:41 +0000] "GET /account HTTP/1.1" 304 - "http://localhost:3000/" "Mozilla/5.0 (Windows NT 10.0; Win64; x64) AppleWebKit/537.36 (KHTML, like Gecko) Chrome/87.0.4280.88 Safari/537.36"
::1 - - [05/Jan/2021:10:03:54 +0000] "GET /account HTTP/1.1" 304 - "http://localhost:3000/" "Mozilla/5.0 (Windows NT 10.0; Win64; x64) AppleWebKit/537.36 (KHTML, like Gecko) Chrome/87.0.4280.88 Safari/537.36"
::1 - - [05/Jan/2021:10:04:08 +0000] "GET /account HTTP/1.1" 304 - "http://localhost:3000/" "Mozilla/5.0 (Windows NT 10.0; Win64; x64) AppleWebKit/537.36 (KHTML, like Gecko) Chrome/87.0.4280.88 Safari/537.36"
::1 - - [05/Jan/2021:10:04:49 +0000] "GET /account HTTP/1.1" 304 - "http://localhost:3000/" "Mozilla/5.0 (Windows NT 10.0; Win64; x64) AppleWebKit/537.36 (KHTML, like Gecko) Chrome/87.0.4280.88 Safari/537.36"
::1 - - [05/Jan/2021:10:05:22 +0000] "DELETE /account/ HTTP/1.1" 404 150 "-" "PostmanRuntime/7.26.8"
::1 - - [05/Jan/2021:10:05:32 +0000] "POST /account/ HTTP/1.1" 400 46 "-" "PostmanRuntime/7.26.8"
::1 - - [05/Jan/2021:10:06:01 +0000] "GET /reports HTTP/1.1" 500 30 "http://localhost:3000/" "Mozilla/5.0 (Windows NT 10.0; Win64; x64) AppleWebKit/537.36 (KHTML, like Gecko) Chrome/87.0.4280.88 Safari/537.36"
::1 - - [05/Jan/2021:10:06:56 +0000] "GET /reports HTTP/1.1" 500 30 "http://localhost:3000/" "Mozilla/5.0 (Windows NT 10.0; Win64; x64) AppleWebKit/537.36 (KHTML, like Gecko) Chrome/87.0.4280.88 Safari/537.36"
::1 - - [05/Jan/2021:10:07:24 +0000] "GET /reports HTTP/1.1" 500 30 "-" "PostmanRuntime/7.26.8"
::1 - - [05/Jan/2021:10:08:22 +0000] "GET /reports HTTP/1.1" 500 30 "-" "PostmanRuntime/7.26.8"
::1 - - [05/Jan/2021:10:14:19 +0000] "DELETE /account/?=user1 HTTP/1.1" 404 150 "-" "PostmanRuntime/7.26.8"
::1 - - [05/Jan/2021:10:14:43 +0000] "DELETE /account/?=user1 HTTP/1.1" 404 150 "-" "PostmanRuntime/7.26.8"
::1 - - [05/Jan/2021:10:17:27 +0000] "DELETE /account/ HTTP/1.1" 404 150 "-" "PostmanRuntime/7.26.8"
::1 - - [05/Jan/2021:10:18:53 +0000] "PUT /account?username=user5&password=52345&phone=09123456785&role=USER HTTP/1.1" 404 146 "-" "PostmanRuntime/7.26.8"
::1 - - [05/Jan/2021:10:19:02 +0000] "POST /account?username=user5&password=52345&phone=09123456785&role=USER HTTP/1.1" 400 46 "-" "PostmanRuntime/7.26.8"
::1 - - [05/Jan/2021:10:19:29 +0000] "GET /account/username?=admin HTTP/1.1" 200 12 "-" "PostmanRuntime/7.26.8"
::1 - - [05/Jan/2021:10:19:49 +0000] "GET /account/?=admin HTTP/1.1" 200 834 "-" "PostmanRuntime/7.26.8"
::1 - - [05/Jan/2021:10:20:05 +0000] "GET /?=admin HTTP/1.1" 404 139 "-" "PostmanRuntime/7.26.8"
::1 - - [05/Jan/2021:10:20:15 +0000] "GET /account/?=admin HTTP/1.1" 200 834 "-" "PostmanRuntime/7.26.8"
::1 - - [05/Jan/2021:10:20:26 +0000] "GET /account/?=admin HTTP/1.1" 200 834 "-" "PostmanRuntime/7.26.8"
::1 - - [05/Jan/2021:10:20:34 +0000] "GET /account/?=admin HTTP/1.1" 200 834 "-" "PostmanRuntime/7.26.8"
::1 - - [05/Jan/2021:10:24:04 +0000] "GET /account/?=admin HTTP/1.1" 200 834 "-" "PostmanRuntime/7.26.8"
::1 - - [05/Jan/2021:10:24:22 +0000] "GET /api/v1/product HTTP/1.1" 404 153 "-" "PostmanRuntime/7.26.8"
::1 - - [05/Jan/2021:10:24:27 +0000] "GET /api/v1/product HTTP/1.1" 404 153 "-" "PostmanRuntime/7.26.8"
::1 - - [05/Jan/2021:10:41:06 +0000] "GET /reports HTTP/1.1" 500 30 "http://localhost:3000/" "Mozilla/5.0 (Windows NT 10.0; Win64; x64) AppleWebKit/537.36 (KHTML, like Gecko) Chrome/87.0.4280.88 Safari/537.36"
::1 - - [05/Jan/2021:10:41:26 +0000] "GET /reports HTTP/1.1" 500 30 "http://localhost:3000/" "Mozilla/5.0 (Windows NT 10.0; Win64; x64) AppleWebKit/537.36 (KHTML, like Gecko) Chrome/87.0.4280.88 Safari/537.36"
::1 - - [05/Jan/2021:10:42:12 +0000] "GET /account HTTP/1.1" 304 - "http://localhost:3000/" "Mozilla/5.0 (Windows NT 10.0; Win64; x64) AppleWebKit/537.36 (KHTML, like Gecko) Chrome/87.0.4280.88 Safari/537.36"
::1 - - [05/Jan/2021:12:33:48 +0000] "GET /account HTTP/1.1" 200 834 "-" "PostmanRuntime/7.26.8"
::1 - - [05/Jan/2021:12:33:53 +0000] "GET /reports HTTP/1.1" 500 30 "-" "PostmanRuntime/7.26.8"
::1 - - [05/Jan/2021:12:35:25 +0000] "GET /reports HTTP/1.1" 500 30 "-" "PostmanRuntime/7.26.8"
::1 - - [05/Jan/2021:12:35:55 +0000] "GET /reports HTTP/1.1" 500 30 "-" "PostmanRuntime/7.26.8"
::1 - - [05/Jan/2021:12:36:10 +0000] "GET /reports HTTP/1.1" 500 30 "-" "PostmanRuntime/7.26.8"
::1 - - [05/Jan/2021:12:41:33 +0000] "GET /reports HTTP/1.1" 500 30 "-" "PostmanRuntime/7.26.8"
::1 - - [05/Jan/2021:12:41:59 +0000] "GET /reports HTTP/1.1" 200 429 "-" "PostmanRuntime/7.26.8"
::1 - - [05/Jan/2021:12:42:10 +0000] "GET /reports HTTP/1.1" 200 429 "http://localhost:3000/" "Mozilla/5.0 (Windows NT 10.0; Win64; x64) AppleWebKit/537.36 (KHTML, like Gecko) Chrome/87.0.4280.88 Safari/537.36"
::1 - - [05/Jan/2021:12:43:33 +0000] "GET /reports HTTP/1.1" 200 309 "http://localhost:3000/" "Mozilla/5.0 (Windows NT 10.0; Win64; x64) AppleWebKit/537.36 (KHTML, like Gecko) Chrome/87.0.4280.88 Safari/537.36"
::1 - - [05/Jan/2021:12:45:27 +0000] "GET /account HTTP/1.1" 304 - "http://localhost:3000/" "Mozilla/5.0 (Windows NT 10.0; Win64; x64) AppleWebKit/537.36 (KHTML, like Gecko) Chrome/87.0.4280.88 Safari/537.36"
::1 - - [05/Jan/2021:12:46:51 +0000] "GET /reports HTTP/1.1" 304 - "http://localhost:3000/" "Mozilla/5.0 (Windows NT 10.0; Win64; x64) AppleWebKit/537.36 (KHTML, like Gecko) Chrome/87.0.4280.88 Safari/537.36"
::1 - - [05/Jan/2021:12:47:01 +0000] "GET /account HTTP/1.1" 304 - "http://localhost:3000/" "Mozilla/5.0 (Windows NT 10.0; Win64; x64) AppleWebKit/537.36 (KHTML, like Gecko) Chrome/87.0.4280.88 Safari/537.36"
::1 - - [05/Jan/2021:12:47:32 +0000] "GET /reports HTTP/1.1" 304 - "http://localhost:3000/" "Mozilla/5.0 (Windows NT 10.0; Win64; x64) AppleWebKit/537.36 (KHTML, like Gecko) Chrome/87.0.4280.88 Safari/537.36"
::1 - - [05/Jan/2021:12:48:17 +0000] "GET /reports HTTP/1.1" 304 - "http://localhost:3000/" "Mozilla/5.0 (Windows NT 10.0; Win64; x64) AppleWebKit/537.36 (KHTML, like Gecko) Chrome/87.0.4280.88 Safari/537.36"
::1 - - [05/Jan/2021:12:49:48 +0000] "GET /reports HTTP/1.1" 304 - "http://localhost:3000/" "Mozilla/5.0 (Windows NT 10.0; Win64; x64) AppleWebKit/537.36 (KHTML, like Gecko) Chrome/87.0.4280.88 Safari/537.36"
::1 - - [05/Jan/2021:12:50:36 +0000] "GET /reports HTTP/1.1" 304 - "http://localhost:3000/" "Mozilla/5.0 (Windows NT 10.0; Win64; x64) AppleWebKit/537.36 (KHTML, like Gecko) Chrome/87.0.4280.88 Safari/537.36"
::1 - - [05/Jan/2021:12:52:05 +0000] "POST /account?username=user5&password=52345&phone=09123456785&role=USER HTTP/1.1" 400 46 "-" "PostmanRuntime/7.26.8"
::1 - - [05/Jan/2021:12:54:23 +0000] "POST /reports/ HTTP/1.1" 500 30 "-" "PostmanRuntime/7.26.8"
::1 - - [05/Jan/2021:12:54:54 +0000] "POST /reports/ HTTP/1.1" 500 30 "-" "PostmanRuntime/7.26.8"
::1 - - [05/Jan/2021:12:55:55 +0000] "POST /reports/ HTTP/1.1" 500 30 "-" "PostmanRuntime/7.26.8"
::1 - - [05/Jan/2021:12:57:52 +0000] "POST /reports/ HTTP/1.1" 500 30 "-" "PostmanRuntime/7.26.8"
::1 - - [05/Jan/2021:12:59:45 +0000] "POST /reports/ HTTP/1.1" 500 30 "-" "PostmanRuntime/7.26.8"
::1 - - [05/Jan/2021:13:00:05 +0000] "POST /reports/ HTTP/1.1" 500 30 "-" "PostmanRuntime/7.26.8"
::1 - - [05/Jan/2021:13:21:21 +0000] "POST /reports/ HTTP/1.1" 500 30 "-" "PostmanRuntime/7.26.8"
::1 - - [05/Jan/2021:13:26:24 +0000] "POST /reports/ HTTP/1.1" 500 30 "-" "PostmanRuntime/7.26.8"
::1 - - [05/Jan/2021:13:30:19 +0000] "POST /account?username=user5&password=52345&phone=09123456785&role=USER HTTP/1.1" 400 46 "-" "PostmanRuntime/7.26.8"
::1 - - [05/Jan/2021:13:31:17 +0000] "POST /reports/ HTTP/1.1" 500 30 "-" "PostmanRuntime/7.26.8"
::1 - - [05/Jan/2021:13:32:56 +0000] "POST /reports/ HTTP/1.1" 500 30 "-" "PostmanRuntime/7.26.8"
::1 - - [05/Jan/2021:13:36:50 +0000] "POST /reports/ HTTP/1.1" 500 30 "-" "PostmanRuntime/7.26.8"
::1 - - [05/Jan/2021:13:40:31 +0000] "POST /reports/ HTTP/1.1" 500 30 "-" "PostmanRuntime/7.26.8"
::1 - - [05/Jan/2021:13:41:53 +0000] "POST /reports/ HTTP/1.1" 500 30 "-" "PostmanRuntime/7.26.8"
::1 - - [05/Jan/2021:13:44:33 +0000] "POST /reports/ HTTP/1.1" 500 30 "-" "PostmanRuntime/7.26.8"
::1 - - [05/Jan/2021:13:46:28 +0000] "POST /reports/ HTTP/1.1" 500 30 "-" "PostmanRuntime/7.26.8"
::1 - - [05/Jan/2021:13:48:48 +0000] "POST /reports/ HTTP/1.1" 500 30 "-" "PostmanRuntime/7.26.8"
::1 - - [05/Jan/2021:13:54:28 +0000] "GET /account/?=admin HTTP/1.1" 200 834 "-" "PostmanRuntime/7.26.8"
::1 - - [05/Jan/2021:13:55:50 +0000] "GET /account/?=admin HTTP/1.1" 200 834 "-" "PostmanRuntime/7.26.8"
::1 - - [05/Jan/2021:14:39:40 +0000] "GET /reports/?=001 HTTP/1.1" 200 226 "-" "PostmanRuntime/7.26.8"
::1 - - [05/Jan/2021:14:41:02 +0000] "GET /reports/?id=001 HTTP/1.1" 200 226 "-" "PostmanRuntime/7.26.8"
::1 - - [05/Jan/2021:14:41:38 +0000] "GET /reports/?=001 HTTP/1.1" 200 226 "-" "PostmanRuntime/7.26.8"
::1 - - [05/Jan/2021:14:44:07 +0000] "GET /reports/?=001 HTTP/1.1" 200 226 "-" "PostmanRuntime/7.26.8"
::1 - - [05/Jan/2021:15:39:03 +0000] "GET /account//?=admin HTTP/1.1" 200 834 "-" "PostmanRuntime/7.26.8"
::1 - - [05/Jan/2021:15:41:00 +0000] "GET /account//?=admin HTTP/1.1" 200 834 "-" "PostmanRuntime/7.26.8"
::1 - - [05/Jan/2021:15:46:26 +0000] "GET /account HTTP/1.1" 304 - "http://localhost:3000/" "Mozilla/5.0 (Windows NT 10.0; Win64; x64) AppleWebKit/537.36 (KHTML, like Gecko) Chrome/87.0.4280.88 Safari/537.36"
::1 - - [05/Jan/2021:15:48:00 +0000] "GET /account HTTP/1.1" 304 - "http://localhost:3000/" "Mozilla/5.0 (Windows NT 10.0; Win64; x64) AppleWebKit/537.36 (KHTML, like Gecko) Chrome/87.0.4280.88 Safari/537.36"
::1 - - [05/Jan/2021:15:48:08 +0000] "GET /account HTTP/1.1" 304 - "http://localhost:3000/" "Mozilla/5.0 (Windows NT 10.0; Win64; x64) AppleWebKit/537.36 (KHTML, like Gecko) Chrome/87.0.4280.88 Safari/537.36"
::1 - - [05/Jan/2021:15:55:03 +0000] "GET /account HTTP/1.1" 304 - "http://localhost:3000/" "Mozilla/5.0 (Windows NT 10.0; Win64; x64) AppleWebKit/537.36 (KHTML, like Gecko) Chrome/87.0.4280.88 Safari/537.36"
::1 - - [05/Jan/2021:15:55:25 +0000] "GET /account HTTP/1.1" 304 - "http://localhost:3000/" "Mozilla/5.0 (Windows NT 10.0; Win64; x64) AppleWebKit/537.36 (KHTML, like Gecko) Chrome/87.0.4280.88 Safari/537.36"
::1 - - [05/Jan/2021:15:56:06 +0000] "GET /account HTTP/1.1" 304 - "http://localhost:3000/" "Mozilla/5.0 (Windows NT 10.0; Win64; x64) AppleWebKit/537.36 (KHTML, like Gecko) Chrome/87.0.4280.88 Safari/537.36"
::1 - - [05/Jan/2021:15:56:09 +0000] "GET /account HTTP/1.1" 304 - "http://localhost:3000/" "Mozilla/5.0 (Windows NT 10.0; Win64; x64) AppleWebKit/537.36 (KHTML, like Gecko) Chrome/87.0.4280.88 Safari/537.36"
::1 - - [05/Jan/2021:15:57:50 +0000] "GET /account HTTP/1.1" 304 - "http://localhost:3000/" "Mozilla/5.0 (Windows NT 10.0; Win64; x64) AppleWebKit/537.36 (KHTML, like Gecko) Chrome/87.0.4280.88 Safari/537.36"
::1 - - [05/Jan/2021:15:58:02 +0000] "GET /account HTTP/1.1" 304 - "http://localhost:3000/" "Mozilla/5.0 (Windows NT 10.0; Win64; x64) AppleWebKit/537.36 (KHTML, like Gecko) Chrome/87.0.4280.88 Safari/537.36"
::1 - - [05/Jan/2021:15:58:11 +0000] "GET /account HTTP/1.1" 304 - "http://localhost:3000/" "Mozilla/5.0 (Windows NT 10.0; Win64; x64) AppleWebKit/537.36 (KHTML, like Gecko) Chrome/87.0.4280.88 Safari/537.36"
::1 - - [05/Jan/2021:15:59:19 +0000] "GET /account HTTP/1.1" 304 - "http://localhost:3000/" "Mozilla/5.0 (Windows NT 10.0; Win64; x64) AppleWebKit/537.36 (KHTML, like Gecko) Chrome/87.0.4280.88 Safari/537.36"
::1 - - [05/Jan/2021:15:59:20 +0000] "GET /account/:username/undefined HTTP/1.1" 404 166 "http://localhost:3000/" "Mozilla/5.0 (Windows NT 10.0; Win64; x64) AppleWebKit/537.36 (KHTML, like Gecko) Chrome/87.0.4280.88 Safari/537.36"
::1 - - [05/Jan/2021:16:00:04 +0000] "GET /account HTTP/1.1" 304 - "http://localhost:3000/" "Mozilla/5.0 (Windows NT 10.0; Win64; x64) AppleWebKit/537.36 (KHTML, like Gecko) Chrome/87.0.4280.88 Safari/537.36"
::1 - - [05/Jan/2021:16:00:07 +0000] "GET /account/:username/undefined HTTP/1.1" 404 166 "http://localhost:3000/" "Mozilla/5.0 (Windows NT 10.0; Win64; x64) AppleWebKit/537.36 (KHTML, like Gecko) Chrome/87.0.4280.88 Safari/537.36"
::1 - - [05/Jan/2021:16:06:40 +0000] "GET /account HTTP/1.1" 304 - "http://localhost:3000/" "Mozilla/5.0 (Windows NT 10.0; Win64; x64) AppleWebKit/537.36 (KHTML, like Gecko) Chrome/87.0.4280.88 Safari/537.36"
::1 - - [05/Jan/2021:16:07:14 +0000] "GET /account/:username/undefined HTTP/1.1" 404 166 "http://localhost:3000/" "Mozilla/5.0 (Windows NT 10.0; Win64; x64) AppleWebKit/537.36 (KHTML, like Gecko) Chrome/87.0.4280.88 Safari/537.36"
::1 - - [05/Jan/2021:16:08:35 +0000] "GET /account/:username/undefined HTTP/1.1" 404 166 "http://localhost:3000/" "Mozilla/5.0 (Windows NT 10.0; Win64; x64) AppleWebKit/537.36 (KHTML, like Gecko) Chrome/87.0.4280.88 Safari/537.36"
::1 - - [05/Jan/2021:16:08:38 +0000] "GET /account/:username/undefined HTTP/1.1" 404 166 "http://localhost:3000/" "Mozilla/5.0 (Windows NT 10.0; Win64; x64) AppleWebKit/537.36 (KHTML, like Gecko) Chrome/87.0.4280.88 Safari/537.36"
::1 - - [05/Jan/2021:16:09:36 +0000] "GET /account/:username/undefined HTTP/1.1" 404 166 "http://localhost:3000/" "Mozilla/5.0 (Windows NT 10.0; Win64; x64) AppleWebKit/537.36 (KHTML, like Gecko) Chrome/87.0.4280.88 Safari/537.36"
::1 - - [05/Jan/2021:16:10:00 +0000] "GET /account/:username/undefined HTTP/1.1" 404 166 "http://localhost:3000/" "Mozilla/5.0 (Windows NT 10.0; Win64; x64) AppleWebKit/537.36 (KHTML, like Gecko) Chrome/87.0.4280.88 Safari/537.36"
::1 - - [05/Jan/2021:16:10:10 +0000] "GET /account HTTP/1.1" 304 - "http://localhost:3000/" "Mozilla/5.0 (Windows NT 10.0; Win64; x64) AppleWebKit/537.36 (KHTML, like Gecko) Chrome/87.0.4280.88 Safari/537.36"
::1 - - [05/Jan/2021:16:10:30 +0000] "GET /account/:username/undefined HTTP/1.1" 404 166 "http://localhost:3000/" "Mozilla/5.0 (Windows NT 10.0; Win64; x64) AppleWebKit/537.36 (KHTML, like Gecko) Chrome/87.0.4280.88 Safari/537.36"
::1 - - [05/Jan/2021:16:14:01 +0000] "GET /account HTTP/1.1" 304 - "http://localhost:3000/" "Mozilla/5.0 (Windows NT 10.0; Win64; x64) AppleWebKit/537.36 (KHTML, like Gecko) Chrome/87.0.4280.88 Safari/537.36"
::1 - - [05/Jan/2021:16:14:02 +0000] "GET /account/:username/admin HTTP/1.1" 404 162 "http://localhost:3000/" "Mozilla/5.0 (Windows NT 10.0; Win64; x64) AppleWebKit/537.36 (KHTML, like Gecko) Chrome/87.0.4280.88 Safari/537.36"
::1 - - [05/Jan/2021:16:16:00 +0000] "GET /account HTTP/1.1" 304 - "http://localhost:3000/" "Mozilla/5.0 (Windows NT 10.0; Win64; x64) AppleWebKit/537.36 (KHTML, like Gecko) Chrome/87.0.4280.88 Safari/537.36"
::1 - - [05/Jan/2021:16:16:43 +0000] "GET /account/:username/admin HTTP/1.1" 404 162 "http://localhost:3000/" "Mozilla/5.0 (Windows NT 10.0; Win64; x64) AppleWebKit/537.36 (KHTML, like Gecko) Chrome/87.0.4280.88 Safari/537.36"
::1 - - [05/Jan/2021:16:16:55 +0000] "GET /account/:username/admin HTTP/1.1" 404 162 "http://localhost:3000/" "Mozilla/5.0 (Windows NT 10.0; Win64; x64) AppleWebKit/537.36 (KHTML, like Gecko) Chrome/87.0.4280.88 Safari/537.36"
::1 - - [05/Jan/2021:16:17:00 +0000] "GET /account/:username/admin HTTP/1.1" 404 162 "http://localhost:3000/" "Mozilla/5.0 (Windows NT 10.0; Win64; x64) AppleWebKit/537.36 (KHTML, like Gecko) Chrome/87.0.4280.88 Safari/537.36"
::1 - - [05/Jan/2021:16:17:37 +0000] "GET /account/:username/undefined HTTP/1.1" 404 166 "http://localhost:3000/" "Mozilla/5.0 (Windows NT 10.0; Win64; x64) AppleWebKit/537.36 (KHTML, like Gecko) Chrome/87.0.4280.88 Safari/537.36"
::1 - - [05/Jan/2021:16:20:15 +0000] "GET /account/:username/undefined HTTP/1.1" 404 166 "http://localhost:3000/" "Mozilla/5.0 (Windows NT 10.0; Win64; x64) AppleWebKit/537.36 (KHTML, like Gecko) Chrome/87.0.4280.88 Safari/537.36"
::1 - - [05/Jan/2021:16:20:24 +0000] "GET /account/:username/undefined HTTP/1.1" 404 166 "http://localhost:3000/" "Mozilla/5.0 (Windows NT 10.0; Win64; x64) AppleWebKit/537.36 (KHTML, like Gecko) Chrome/87.0.4280.88 Safari/537.36"
::1 - - [05/Jan/2021:16:23:43 +0000] "GET /account/:username/undefined HTTP/1.1" 404 166 "http://localhost:3000/" "Mozilla/5.0 (Windows NT 10.0; Win64; x64) AppleWebKit/537.36 (KHTML, like Gecko) Chrome/87.0.4280.88 Safari/537.36"
::1 - - [05/Jan/2021:16:24:23 +0000] "GET /account/:username/undefined HTTP/1.1" 404 166 "http://localhost:3000/" "Mozilla/5.0 (Windows NT 10.0; Win64; x64) AppleWebKit/537.36 (KHTML, like Gecko) Chrome/87.0.4280.88 Safari/537.36"
::1 - - [05/Jan/2021:16:24:40 +0000] "GET /account/:username/undefined HTTP/1.1" 404 166 "http://localhost:3000/" "Mozilla/5.0 (Windows NT 10.0; Win64; x64) AppleWebKit/537.36 (KHTML, like Gecko) Chrome/87.0.4280.88 Safari/537.36"
::1 - - [05/Jan/2021:16:25:09 +0000] "GET /account/:username/undefined HTTP/1.1" 404 166 "http://localhost:3000/" "Mozilla/5.0 (Windows NT 10.0; Win64; x64) AppleWebKit/537.36 (KHTML, like Gecko) Chrome/87.0.4280.88 Safari/537.36"
::1 - - [05/Jan/2021:16:27:01 +0000] "GET /account/:username/undefined HTTP/1.1" 404 166 "http://localhost:3000/" "Mozilla/5.0 (Windows NT 10.0; Win64; x64) AppleWebKit/537.36 (KHTML, like Gecko) Chrome/87.0.4280.88 Safari/537.36"
::1 - - [05/Jan/2021:16:27:25 +0000] "GET /account/:username/undefined HTTP/1.1" 404 166 "http://localhost:3000/" "Mozilla/5.0 (Windows NT 10.0; Win64; x64) AppleWebKit/537.36 (KHTML, like Gecko) Chrome/87.0.4280.88 Safari/537.36"
::1 - - [05/Jan/2021:16:27:36 +0000] "GET /account HTTP/1.1" 200 834 "-" "PostmanRuntime/7.26.8"
::1 - - [05/Jan/2021:16:27:44 +0000] "GET /account//?=admin HTTP/1.1" 200 834 "-" "PostmanRuntime/7.26.8"
::1 - - [05/Jan/2021:16:27:55 +0000] "GET /account/ HTTP/1.1" 200 834 "-" "PostmanRuntime/7.26.8"
::1 - - [05/Jan/2021:16:31:26 +0000] "GET /account/ HTTP/1.1" 200 834 "-" "PostmanRuntime/7.26.8"
::1 - - [05/Jan/2021:16:31:34 +0000] "GET /account/:username/undefined HTTP/1.1" 404 166 "http://localhost:3000/" "Mozilla/5.0 (Windows NT 10.0; Win64; x64) AppleWebKit/537.36 (KHTML, like Gecko) Chrome/87.0.4280.88 Safari/537.36"
::1 - - [05/Jan/2021:16:32:25 +0000] "GET /account HTTP/1.1" 304 - "http://localhost:3000/" "Mozilla/5.0 (Windows NT 10.0; Win64; x64) AppleWebKit/537.36 (KHTML, like Gecko) Chrome/87.0.4280.88 Safari/537.36"
::1 - - [05/Jan/2021:16:32:32 +0000] "GET /account/:username/admin HTTP/1.1" 404 162 "http://localhost:3000/" "Mozilla/5.0 (Windows NT 10.0; Win64; x64) AppleWebKit/537.36 (KHTML, like Gecko) Chrome/87.0.4280.88 Safari/537.36"
::1 - - [05/Jan/2021:16:32:39 +0000] "GET /account HTTP/1.1" 304 - "http://localhost:3000/" "Mozilla/5.0 (Windows NT 10.0; Win64; x64) AppleWebKit/537.36 (KHTML, like Gecko) Chrome/87.0.4280.88 Safari/537.36"
::1 - - [05/Jan/2021:16:32:41 +0000] "GET /account/:username/user1 HTTP/1.1" 404 162 "http://localhost:3000/" "Mozilla/5.0 (Windows NT 10.0; Win64; x64) AppleWebKit/537.36 (KHTML, like Gecko) Chrome/87.0.4280.88 Safari/537.36"
::1 - - [05/Jan/2021:16:32:46 +0000] "GET /account HTTP/1.1" 304 - "http://localhost:3000/" "Mozilla/5.0 (Windows NT 10.0; Win64; x64) AppleWebKit/537.36 (KHTML, like Gecko) Chrome/87.0.4280.88 Safari/537.36"
::1 - - [05/Jan/2021:16:32:55 +0000] "GET /account/:username/undefined HTTP/1.1" 404 166 "http://localhost:3000/" "Mozilla/5.0 (Windows NT 10.0; Win64; x64) AppleWebKit/537.36 (KHTML, like Gecko) Chrome/87.0.4280.88 Safari/537.36"
::1 - - [05/Jan/2021:16:33:45 +0000] "GET /account HTTP/1.1" 304 - "http://localhost:3000/" "Mozilla/5.0 (Windows NT 10.0; Win64; x64) AppleWebKit/537.36 (KHTML, like Gecko) Chrome/87.0.4280.88 Safari/537.36"
::1 - - [05/Jan/2021:16:33:54 +0000] "GET /account/:username/undefined HTTP/1.1" 404 166 "http://localhost:3000/" "Mozilla/5.0 (Windows NT 10.0; Win64; x64) AppleWebKit/537.36 (KHTML, like Gecko) Chrome/87.0.4280.88 Safari/537.36"
::1 - - [05/Jan/2021:16:34:01 +0000] "GET /account/:username/undefined HTTP/1.1" 404 166 "http://localhost:3000/" "Mozilla/5.0 (Windows NT 10.0; Win64; x64) AppleWebKit/537.36 (KHTML, like Gecko) Chrome/87.0.4280.88 Safari/537.36"
::1 - - [05/Jan/2021:16:34:16 +0000] "GET /account/:username/undefined HTTP/1.1" 404 166 "http://localhost:3000/" "Mozilla/5.0 (Windows NT 10.0; Win64; x64) AppleWebKit/537.36 (KHTML, like Gecko) Chrome/87.0.4280.88 Safari/537.36"
::1 - - [05/Jan/2021:16:34:59 +0000] "GET /account HTTP/1.1" 304 - "http://localhost:3000/" "Mozilla/5.0 (Windows NT 10.0; Win64; x64) AppleWebKit/537.36 (KHTML, like Gecko) Chrome/87.0.4280.88 Safari/537.36"
::1 - - [05/Jan/2021:16:35:03 +0000] "GET /account HTTP/1.1" 304 - "http://localhost:3000/" "Mozilla/5.0 (Windows NT 10.0; Win64; x64) AppleWebKit/537.36 (KHTML, like Gecko) Chrome/87.0.4280.88 Safari/537.36"
::1 - - [05/Jan/2021:16:36:20 +0000] "GET /account HTTP/1.1" 304 - "http://localhost:3000/" "Mozilla/5.0 (Windows NT 10.0; Win64; x64) AppleWebKit/537.36 (KHTML, like Gecko) Chrome/87.0.4280.88 Safari/537.36"
::1 - - [05/Jan/2021:16:39:05 +0000] "GET /account HTTP/1.1" 304 - "http://localhost:3000/" "Mozilla/5.0 (Windows NT 10.0; Win64; x64) AppleWebKit/537.36 (KHTML, like Gecko) Chrome/87.0.4280.88 Safari/537.36"
::1 - - [05/Jan/2021:16:39:11 +0000] "GET /account/:username/admin HTTP/1.1" 404 162 "http://localhost:3000/" "Mozilla/5.0 (Windows NT 10.0; Win64; x64) AppleWebKit/537.36 (KHTML, like Gecko) Chrome/87.0.4280.88 Safari/537.36"
::1 - - [05/Jan/2021:16:39:18 +0000] "GET /account HTTP/1.1" 304 - "http://localhost:3000/" "Mozilla/5.0 (Windows NT 10.0; Win64; x64) AppleWebKit/537.36 (KHTML, like Gecko) Chrome/87.0.4280.88 Safari/537.36"
::1 - - [05/Jan/2021:16:39:20 +0000] "GET /account/:username/user2 HTTP/1.1" 404 162 "http://localhost:3000/" "Mozilla/5.0 (Windows NT 10.0; Win64; x64) AppleWebKit/537.36 (KHTML, like Gecko) Chrome/87.0.4280.88 Safari/537.36"
::1 - - [05/Jan/2021:16:39:29 +0000] "GET /account HTTP/1.1" 304 - "http://localhost:3000/" "Mozilla/5.0 (Windows NT 10.0; Win64; x64) AppleWebKit/537.36 (KHTML, like Gecko) Chrome/87.0.4280.88 Safari/537.36"
::1 - - [05/Jan/2021:16:39:50 +0000] "GET /account HTTP/1.1" 304 - "http://localhost:3000/" "Mozilla/5.0 (Windows NT 10.0; Win64; x64) AppleWebKit/537.36 (KHTML, like Gecko) Chrome/87.0.4280.88 Safari/537.36"
::1 - - [05/Jan/2021:16:40:26 +0000] "GET /account HTTP/1.1" 304 - "http://localhost:3000/" "Mozilla/5.0 (Windows NT 10.0; Win64; x64) AppleWebKit/537.36 (KHTML, like Gecko) Chrome/87.0.4280.88 Safari/537.36"
::1 - - [05/Jan/2021:16:40:47 +0000] "GET /account HTTP/1.1" 304 - "http://localhost:3000/" "Mozilla/5.0 (Windows NT 10.0; Win64; x64) AppleWebKit/537.36 (KHTML, like Gecko) Chrome/87.0.4280.88 Safari/537.36"
::1 - - [05/Jan/2021:16:40:56 +0000] "GET /account HTTP/1.1" 304 - "http://localhost:3000/" "Mozilla/5.0 (Windows NT 10.0; Win64; x64) AppleWebKit/537.36 (KHTML, like Gecko) Chrome/87.0.4280.88 Safari/537.36"
::1 - - [05/Jan/2021:16:42:10 +0000] "GET /account HTTP/1.1" 304 - "http://localhost:3000/" "Mozilla/5.0 (Windows NT 10.0; Win64; x64) AppleWebKit/537.36 (KHTML, like Gecko) Chrome/87.0.4280.88 Safari/537.36"
::1 - - [05/Jan/2021:16:42:15 +0000] "GET /account/:username/admin HTTP/1.1" 404 162 "http://localhost:3000/" "Mozilla/5.0 (Windows NT 10.0; Win64; x64) AppleWebKit/537.36 (KHTML, like Gecko) Chrome/87.0.4280.88 Safari/537.36"
::1 - - [05/Jan/2021:16:42:20 +0000] "GET /reports HTTP/1.1" 200 226 "http://localhost:3000/" "Mozilla/5.0 (Windows NT 10.0; Win64; x64) AppleWebKit/537.36 (KHTML, like Gecko) Chrome/87.0.4280.88 Safari/537.36"
::1 - - [05/Jan/2021:16:45:15 +0000] "GET /reports HTTP/1.1" 304 - "http://localhost:3000/" "Mozilla/5.0 (Windows NT 10.0; Win64; x64) AppleWebKit/537.36 (KHTML, like Gecko) Chrome/87.0.4280.88 Safari/537.36"
::1 - - [05/Jan/2021:16:45:58 +0000] "GET /reports HTTP/1.1" 304 - "http://localhost:3000/" "Mozilla/5.0 (Windows NT 10.0; Win64; x64) AppleWebKit/537.36 (KHTML, like Gecko) Chrome/87.0.4280.88 Safari/537.36"
::1 - - [05/Jan/2021:16:48:14 +0000] "GET /reports HTTP/1.1" 304 - "http://localhost:3000/" "Mozilla/5.0 (Windows NT 10.0; Win64; x64) AppleWebKit/537.36 (KHTML, like Gecko) Chrome/87.0.4280.88 Safari/537.36"
::1 - - [05/Jan/2021:16:48:19 +0000] "GET /reports HTTP/1.1" 304 - "http://localhost:3000/" "Mozilla/5.0 (Windows NT 10.0; Win64; x64) AppleWebKit/537.36 (KHTML, like Gecko) Chrome/87.0.4280.88 Safari/537.36"
::1 - - [05/Jan/2021:16:48:39 +0000] "GET /reports HTTP/1.1" 304 - "http://localhost:3000/" "Mozilla/5.0 (Windows NT 10.0; Win64; x64) AppleWebKit/537.36 (KHTML, like Gecko) Chrome/87.0.4280.88 Safari/537.36"
::1 - - [05/Jan/2021:16:48:59 +0000] "GET /reports HTTP/1.1" 304 - "http://localhost:3000/" "Mozilla/5.0 (Windows NT 10.0; Win64; x64) AppleWebKit/537.36 (KHTML, like Gecko) Chrome/87.0.4280.88 Safari/537.36"
::1 - - [05/Jan/2021:16:49:03 +0000] "GET /reports HTTP/1.1" 304 - "http://localhost:3000/" "Mozilla/5.0 (Windows NT 10.0; Win64; x64) AppleWebKit/537.36 (KHTML, like Gecko) Chrome/87.0.4280.88 Safari/537.36"
::1 - - [05/Jan/2021:16:51:25 +0000] "GET /reports HTTP/1.1" 304 - "http://localhost:3000/" "Mozilla/5.0 (Windows NT 10.0; Win64; x64) AppleWebKit/537.36 (KHTML, like Gecko) Chrome/87.0.4280.88 Safari/537.36"
::1 - - [05/Jan/2021:16:53:34 +0000] "GET /reports HTTP/1.1" 304 - "http://localhost:3000/" "Mozilla/5.0 (Windows NT 10.0; Win64; x64) AppleWebKit/537.36 (KHTML, like Gecko) Chrome/87.0.4280.88 Safari/537.36"
::1 - - [05/Jan/2021:16:56:39 +0000] "GET /reports HTTP/1.1" 304 - "http://localhost:3000/" "Mozilla/5.0 (Windows NT 10.0; Win64; x64) AppleWebKit/537.36 (KHTML, like Gecko) Chrome/87.0.4280.88 Safari/537.36"
