::1 - - [02/Jan/2021:06:51:13 +0000] "GET /account HTTP/1.1" 200 844 "http://localhost:3000/" "Mozilla/5.0 (Windows NT 10.0; Win64; x64) AppleWebKit/537.36 (KHTML, like Gecko) Chrome/87.0.4280.88 Safari/537.36"
::1 - - [02/Jan/2021:06:51:58 +0000] "GET /account HTTP/1.1" 304 - "http://localhost:3000/" "Mozilla/5.0 (Windows NT 10.0; Win64; x64) AppleWebKit/537.36 (KHTML, like Gecko) Chrome/87.0.4280.88 Safari/537.36"
::1 - - [02/Jan/2021:07:02:17 +0000] "GET /account HTTP/1.1" 304 - "http://localhost:3000/" "Mozilla/5.0 (Windows NT 10.0; Win64; x64) AppleWebKit/537.36 (KHTML, like Gecko) Chrome/87.0.4280.88 Safari/537.36"
::1 - - [02/Jan/2021:07:03:40 +0000] "GET /account HTTP/1.1" 304 - "http://localhost:3000/" "Mozilla/5.0 (Windows NT 10.0; Win64; x64) AppleWebKit/537.36 (KHTML, like Gecko) Chrome/87.0.4280.88 Safari/537.36"
::1 - - [02/Jan/2021:09:58:17 +0000] "GET /account HTTP/1.1" 304 - "http://localhost:3000/" "Mozilla/5.0 (Windows NT 10.0; Win64; x64) AppleWebKit/537.36 (KHTML, like Gecko) Chrome/87.0.4280.88 Safari/537.36"
::1 - - [02/Jan/2021:10:13:05 +0000] "GET /account HTTP/1.1" 304 - "http://localhost:3000/" "Mozilla/5.0 (Windows NT 10.0; Win64; x64) AppleWebKit/537.36 (KHTML, like Gecko) Chrome/87.0.4280.88 Safari/537.36"
::1 - - [02/Jan/2021:13:48:58 +0000] "GET /account HTTP/1.1" 304 - "http://localhost:3000/" "Mozilla/5.0 (Windows NT 10.0; Win64; x64) AppleWebKit/537.36 (KHTML, like Gecko) Chrome/87.0.4280.88 Safari/537.36"
::1 - - [02/Jan/2021:13:49:15 +0000] "GET /account HTTP/1.1" 304 - "http://localhost:3000/" "Mozilla/5.0 (Windows NT 10.0; Win64; x64) AppleWebKit/537.36 (KHTML, like Gecko) Chrome/87.0.4280.88 Safari/537.36"
::1 - - [02/Jan/2021:13:50:03 +0000] "GET /account HTTP/1.1" 200 844 "-" "PostmanRuntime/7.26.8"
::1 - - [02/Jan/2021:13:50:04 +0000] "GET /account HTTP/1.1" 200 844 "-" "PostmanRuntime/7.26.8"
::1 - - [02/Jan/2021:13:58:54 +0000] "POST /account HTTP/1.1" 400 46 "-" "PostmanRuntime/7.26.8"
::1 - - [02/Jan/2021:13:59:43 +0000] "POST /account HTTP/1.1" 400 46 "-" "PostmanRuntime/7.26.8"
::1 - - [02/Jan/2021:14:00:17 +0000] "POST /auth/login HTTP/1.1" 200 215 "-" "PostmanRuntime/7.26.8"
::1 - - [02/Jan/2021:14:02:30 +0000] "DELETE /account/?=user1 HTTP/1.1" 404 150 "-" "PostmanRuntime/7.26.8"
::1 - - [02/Jan/2021:14:31:21 +0000] "GET /account/user1?=user1 HTTP/1.1" 500 30 "-" "PostmanRuntime/7.26.8"
::1 - - [02/Jan/2021:14:33:57 +0000] "GET /account/user1?=user1 HTTP/1.1" 500 30 "-" "PostmanRuntime/7.26.8"
::1 - - [02/Jan/2021:14:43:15 +0000] "GET /account/user1?=user1 HTTP/1.1" 500 30 "-" "PostmanRuntime/7.26.8"
::1 - - [02/Jan/2021:14:43:47 +0000] "GET /account/user1?=user1 HTTP/1.1" 500 30 "-" "PostmanRuntime/7.26.8"
::1 - - [02/Jan/2021:14:45:33 +0000] "GET /account/user1?=user1 HTTP/1.1" 500 30 "-" "PostmanRuntime/7.26.8"
::1 - - [02/Jan/2021:14:48:19 +0000] "GET /account/user1?=user1 HTTP/1.1" 500 30 "-" "PostmanRuntime/7.26.8"
::1 - - [02/Jan/2021:14:48:35 +0000] "GET /account/user1 HTTP/1.1" 500 30 "-" "PostmanRuntime/7.26.8"
::1 - - [02/Jan/2021:14:49:02 +0000] "GET /account/?=user1 HTTP/1.1" 200 844 "-" "PostmanRuntime/7.26.8"
::1 - - [02/Jan/2021:14:50:17 +0000] "GET /account/?=user2 HTTP/1.1" 200 844 "-" "PostmanRuntime/7.26.8"
