::1 - - [03/Jan/2021:14:16:36 +0000] "POST /auth/login HTTP/1.1" 200 214 "http://localhost:3000/" "Mozilla/5.0 (Windows NT 10.0; Win64; x64) AppleWebKit/537.36 (KHTML, like Gecko) Chrome/87.0.4280.88 Safari/537.36"
::1 - - [03/Jan/2021:14:16:36 +0000] "POST /auth/login HTTP/1.1" - - "http://localhost:3000/" "Mozilla/5.0 (Windows NT 10.0; Win64; x64) AppleWebKit/537.36 (KHTML, like Gecko) Chrome/87.0.4280.88 Safari/537.36"
::1 - - [03/Jan/2021:14:16:51 +0000] "POST /auth/login HTTP/1.1" 200 215 "http://localhost:3000/" "Mozilla/5.0 (Windows NT 10.0; Win64; x64) AppleWebKit/537.36 (KHTML, like Gecko) Chrome/87.0.4280.88 Safari/537.36"
::1 - - [03/Jan/2021:14:25:36 +0000] "GET /account HTTP/1.1" 200 844 "-" "PostmanRuntime/7.26.8"
::1 - - [03/Jan/2021:14:25:47 +0000] "GET /account/?=user2 HTTP/1.1" 200 844 "-" "PostmanRuntime/7.26.8"
::1 - - [03/Jan/2021:14:26:12 +0000] "GET /account/username?=user2 HTTP/1.1" 500 30 "-" "PostmanRuntime/7.26.8"
::1 - - [03/Jan/2021:14:30:27 +0000] "GET /account/username?=user2 HTTP/1.1" 500 30 "-" "PostmanRuntime/7.26.8"
::1 - - [03/Jan/2021:14:32:28 +0000] "GET /account/username?=admin HTTP/1.1" 500 30 "-" "PostmanRuntime/7.26.8"
::1 - - [03/Jan/2021:14:32:34 +0000] "GET /account/id?=admin HTTP/1.1" 500 30 "-" "PostmanRuntime/7.26.8"
::1 - - [03/Jan/2021:14:34:58 +0000] "GET /account/username?=admin HTTP/1.1" 200 12 "-" "PostmanRuntime/7.26.8"
::1 - - [03/Jan/2021:14:35:17 +0000] "GET /account/username?=user1 HTTP/1.1" 200 12 "-" "PostmanRuntime/7.26.8"
::1 - - [03/Jan/2021:14:35:28 +0000] "GET /account HTTP/1.1" 200 844 "-" "PostmanRuntime/7.26.8"
::1 - - [03/Jan/2021:14:36:53 +0000] "GET /account/username?=user1 HTTP/1.1" 200 12 "-" "PostmanRuntime/7.26.8"
::1 - - [03/Jan/2021:14:37:08 +0000] "GET /account/username?= HTTP/1.1" 200 12 "-" "PostmanRuntime/7.26.8"
::1 - - [03/Jan/2021:14:42:51 +0000] "GET /account/username?= HTTP/1.1" 200 12 "-" "PostmanRuntime/7.26.8"
::1 - - [03/Jan/2021:14:42:57 +0000] "GET /account/username?=admin HTTP/1.1" 200 12 "-" "PostmanRuntime/7.26.8"
::1 - - [03/Jan/2021:14:43:02 +0000] "GET /account/username HTTP/1.1" 200 12 "-" "PostmanRuntime/7.26.8"
::1 - - [03/Jan/2021:14:43:11 +0000] "GET /account HTTP/1.1" 200 844 "-" "PostmanRuntime/7.26.8"
::1 - - [03/Jan/2021:14:46:31 +0000] "GET /account/username?=admin HTTP/1.1" 200 12 "-" "PostmanRuntime/7.26.8"
::1 - - [03/Jan/2021:14:46:48 +0000] "GET /account/username?=admin HTTP/1.1" 200 12 "-" "PostmanRuntime/7.26.8"
::1 - - [03/Jan/2021:14:50:29 +0000] "GET /account HTTP/1.1" 200 844 "-" "PostmanRuntime/7.26.8"
::1 - - [03/Jan/2021:15:26:37 +0000] "GET /account HTTP/1.1" 200 844 "http://localhost:3000/" "Mozilla/5.0 (Windows NT 10.0; Win64; x64) AppleWebKit/537.36 (KHTML, like Gecko) Chrome/87.0.4280.88 Safari/537.36"
::1 - - [03/Jan/2021:15:33:11 +0000] "GET /account HTTP/1.1" 304 - "http://localhost:3000/" "Mozilla/5.0 (Windows NT 10.0; Win64; x64) AppleWebKit/537.36 (KHTML, like Gecko) Chrome/87.0.4280.88 Safari/537.36"
::1 - - [03/Jan/2021:15:34:05 +0000] "GET /account HTTP/1.1" 304 - "http://localhost:3000/" "Mozilla/5.0 (Windows NT 10.0; Win64; x64) AppleWebKit/537.36 (KHTML, like Gecko) Chrome/87.0.4280.88 Safari/537.36"
::1 - - [03/Jan/2021:15:35:22 +0000] "GET /account HTTP/1.1" 304 - "http://localhost:3000/" "Mozilla/5.0 (Windows NT 10.0; Win64; x64) AppleWebKit/537.36 (KHTML, like Gecko) Chrome/87.0.4280.88 Safari/537.36"
::1 - - [03/Jan/2021:15:35:38 +0000] "GET /account HTTP/1.1" 304 - "http://localhost:3000/" "Mozilla/5.0 (Windows NT 10.0; Win64; x64) AppleWebKit/537.36 (KHTML, like Gecko) Chrome/87.0.4280.88 Safari/537.36"
::1 - - [03/Jan/2021:15:36:16 +0000] "GET /account HTTP/1.1" 304 - "http://localhost:3000/" "Mozilla/5.0 (Windows NT 10.0; Win64; x64) AppleWebKit/537.36 (KHTML, like Gecko) Chrome/87.0.4280.88 Safari/537.36"
::1 - - [03/Jan/2021:15:36:40 +0000] "GET /account HTTP/1.1" 304 - "http://localhost:3000/" "Mozilla/5.0 (Windows NT 10.0; Win64; x64) AppleWebKit/537.36 (KHTML, like Gecko) Chrome/87.0.4280.88 Safari/537.36"
::1 - - [03/Jan/2021:15:36:43 +0000] "GET /account HTTP/1.1" 304 - "http://localhost:3000/" "Mozilla/5.0 (Windows NT 10.0; Win64; x64) AppleWebKit/537.36 (KHTML, like Gecko) Chrome/87.0.4280.88 Safari/537.36"
::1 - - [03/Jan/2021:15:37:13 +0000] "GET /account HTTP/1.1" 304 - "http://localhost:3000/" "Mozilla/5.0 (Windows NT 10.0; Win64; x64) AppleWebKit/537.36 (KHTML, like Gecko) Chrome/87.0.4280.88 Safari/537.36"
::1 - - [03/Jan/2021:15:37:54 +0000] "GET /account HTTP/1.1" 304 - "http://localhost:3000/" "Mozilla/5.0 (Windows NT 10.0; Win64; x64) AppleWebKit/537.36 (KHTML, like Gecko) Chrome/87.0.4280.88 Safari/537.36"
::1 - - [03/Jan/2021:15:38:17 +0000] "GET /account HTTP/1.1" 304 - "http://localhost:3000/" "Mozilla/5.0 (Windows NT 10.0; Win64; x64) AppleWebKit/537.36 (KHTML, like Gecko) Chrome/87.0.4280.88 Safari/537.36"
::1 - - [03/Jan/2021:15:38:42 +0000] "GET /account HTTP/1.1" 304 - "http://localhost:3000/" "Mozilla/5.0 (Windows NT 10.0; Win64; x64) AppleWebKit/537.36 (KHTML, like Gecko) Chrome/87.0.4280.88 Safari/537.36"
::1 - - [03/Jan/2021:15:40:15 +0000] "GET /account HTTP/1.1" 304 - "http://localhost:3000/" "Mozilla/5.0 (Windows NT 10.0; Win64; x64) AppleWebKit/537.36 (KHTML, like Gecko) Chrome/87.0.4280.88 Safari/537.36"
::1 - - [03/Jan/2021:15:42:12 +0000] "GET /account HTTP/1.1" 304 - "http://localhost:3000/" "Mozilla/5.0 (Windows NT 10.0; Win64; x64) AppleWebKit/537.36 (KHTML, like Gecko) Chrome/87.0.4280.88 Safari/537.36"
::1 - - [03/Jan/2021:15:43:42 +0000] "GET /account HTTP/1.1" 304 - "http://localhost:3000/" "Mozilla/5.0 (Windows NT 10.0; Win64; x64) AppleWebKit/537.36 (KHTML, like Gecko) Chrome/87.0.4280.88 Safari/537.36"
::1 - - [03/Jan/2021:15:43:58 +0000] "GET /account HTTP/1.1" 304 - "http://localhost:3000/" "Mozilla/5.0 (Windows NT 10.0; Win64; x64) AppleWebKit/537.36 (KHTML, like Gecko) Chrome/87.0.4280.88 Safari/537.36"
::1 - - [03/Jan/2021:15:44:53 +0000] "GET /account HTTP/1.1" 304 - "http://localhost:3000/" "Mozilla/5.0 (Windows NT 10.0; Win64; x64) AppleWebKit/537.36 (KHTML, like Gecko) Chrome/87.0.4280.88 Safari/537.36"
::1 - - [03/Jan/2021:15:49:35 +0000] "GET /account/$%7Badmin%7D HTTP/1.1" 200 12 "-" "PostmanRuntime/7.26.8"
::1 - - [03/Jan/2021:15:49:53 +0000] "GET /account HTTP/1.1" 200 844 "-" "PostmanRuntime/7.26.8"
::1 - - [03/Jan/2021:15:50:55 +0000] "GET /account HTTP/1.1" 304 - "http://localhost:3000/" "Mozilla/5.0 (Windows NT 10.0; Win64; x64) AppleWebKit/537.36 (KHTML, like Gecko) Chrome/87.0.4280.88 Safari/537.36"
::1 - - [03/Jan/2021:15:51:27 +0000] "GET /account HTTP/1.1" 304 - "http://localhost:3000/" "Mozilla/5.0 (Windows NT 10.0; Win64; x64) AppleWebKit/537.36 (KHTML, like Gecko) Chrome/87.0.4280.88 Safari/537.36"
::1 - - [03/Jan/2021:15:51:31 +0000] "GET /account HTTP/1.1" 304 - "http://localhost:3000/" "Mozilla/5.0 (Windows NT 10.0; Win64; x64) AppleWebKit/537.36 (KHTML, like Gecko) Chrome/87.0.4280.88 Safari/537.36"
::1 - - [03/Jan/2021:15:54:56 +0000] "GET /account HTTP/1.1" 304 - "http://localhost:3000/" "Mozilla/5.0 (Windows NT 10.0; Win64; x64) AppleWebKit/537.36 (KHTML, like Gecko) Chrome/87.0.4280.88 Safari/537.36"
::1 - - [03/Jan/2021:15:55:09 +0000] "GET /account HTTP/1.1" 304 - "http://localhost:3000/" "Mozilla/5.0 (Windows NT 10.0; Win64; x64) AppleWebKit/537.36 (KHTML, like Gecko) Chrome/87.0.4280.88 Safari/537.36"
::1 - - [03/Jan/2021:15:55:24 +0000] "GET /account HTTP/1.1" 304 - "http://localhost:3000/" "Mozilla/5.0 (Windows NT 10.0; Win64; x64) AppleWebKit/537.36 (KHTML, like Gecko) Chrome/87.0.4280.88 Safari/537.36"
::1 - - [03/Jan/2021:15:55:52 +0000] "GET /account HTTP/1.1" 304 - "http://localhost:3000/" "Mozilla/5.0 (Windows NT 10.0; Win64; x64) AppleWebKit/537.36 (KHTML, like Gecko) Chrome/87.0.4280.88 Safari/537.36"
::1 - - [03/Jan/2021:15:56:26 +0000] "GET /account HTTP/1.1" 304 - "http://localhost:3000/" "Mozilla/5.0 (Windows NT 10.0; Win64; x64) AppleWebKit/537.36 (KHTML, like Gecko) Chrome/87.0.4280.88 Safari/537.36"
::1 - - [03/Jan/2021:15:56:41 +0000] "GET /account HTTP/1.1" 304 - "http://localhost:3000/" "Mozilla/5.0 (Windows NT 10.0; Win64; x64) AppleWebKit/537.36 (KHTML, like Gecko) Chrome/87.0.4280.88 Safari/537.36"
::1 - - [03/Jan/2021:15:57:14 +0000] "GET /account HTTP/1.1" 304 - "http://localhost:3000/" "Mozilla/5.0 (Windows NT 10.0; Win64; x64) AppleWebKit/537.36 (KHTML, like Gecko) Chrome/87.0.4280.88 Safari/537.36"
::1 - - [03/Jan/2021:15:58:33 +0000] "GET /account HTTP/1.1" 304 - "http://localhost:3000/" "Mozilla/5.0 (Windows NT 10.0; Win64; x64) AppleWebKit/537.36 (KHTML, like Gecko) Chrome/87.0.4280.88 Safari/537.36"
::1 - - [03/Jan/2021:15:58:54 +0000] "GET /account HTTP/1.1" 304 - "http://localhost:3000/" "Mozilla/5.0 (Windows NT 10.0; Win64; x64) AppleWebKit/537.36 (KHTML, like Gecko) Chrome/87.0.4280.88 Safari/537.36"
::1 - - [03/Jan/2021:15:59:17 +0000] "GET /account HTTP/1.1" 304 - "http://localhost:3000/" "Mozilla/5.0 (Windows NT 10.0; Win64; x64) AppleWebKit/537.36 (KHTML, like Gecko) Chrome/87.0.4280.88 Safari/537.36"
::1 - - [03/Jan/2021:15:59:30 +0000] "GET /account HTTP/1.1" 304 - "http://localhost:3000/" "Mozilla/5.0 (Windows NT 10.0; Win64; x64) AppleWebKit/537.36 (KHTML, like Gecko) Chrome/87.0.4280.88 Safari/537.36"
::1 - - [03/Jan/2021:15:59:51 +0000] "GET /account HTTP/1.1" 304 - "http://localhost:3000/" "Mozilla/5.0 (Windows NT 10.0; Win64; x64) AppleWebKit/537.36 (KHTML, like Gecko) Chrome/87.0.4280.88 Safari/537.36"
::1 - - [03/Jan/2021:16:00:16 +0000] "GET /account HTTP/1.1" 304 - "http://localhost:3000/" "Mozilla/5.0 (Windows NT 10.0; Win64; x64) AppleWebKit/537.36 (KHTML, like Gecko) Chrome/87.0.4280.88 Safari/537.36"
::1 - - [03/Jan/2021:16:01:06 +0000] "GET /account HTTP/1.1" 304 - "http://localhost:3000/" "Mozilla/5.0 (Windows NT 10.0; Win64; x64) AppleWebKit/537.36 (KHTML, like Gecko) Chrome/87.0.4280.88 Safari/537.36"
::1 - - [03/Jan/2021:16:01:24 +0000] "GET /account HTTP/1.1" 304 - "http://localhost:3000/" "Mozilla/5.0 (Windows NT 10.0; Win64; x64) AppleWebKit/537.36 (KHTML, like Gecko) Chrome/87.0.4280.88 Safari/537.36"
::1 - - [03/Jan/2021:16:06:44 +0000] "GET /account HTTP/1.1" 304 - "http://localhost:3000/" "Mozilla/5.0 (Windows NT 10.0; Win64; x64) AppleWebKit/537.36 (KHTML, like Gecko) Chrome/87.0.4280.88 Safari/537.36"
