::1 - - [13/Jan/2021:06:48:41 +0000] "POST /account HTTP/1.1" 400 41 "http://localhost:3000/" "Mozilla/5.0 (Windows NT 10.0; Win64; x64) AppleWebKit/537.36 (KHTML, like Gecko) Chrome/87.0.4280.141 Safari/537.36"
::1 - - [13/Jan/2021:06:48:46 +0000] "GET /account HTTP/1.1" 200 201 "http://localhost:3000/" "Mozilla/5.0 (Windows NT 10.0; Win64; x64) AppleWebKit/537.36 (KHTML, like Gecko) Chrome/87.0.4280.141 Safari/537.36"
::1 - - [13/Jan/2021:06:48:47 +0000] "GET /account/admin HTTP/1.1" 200 95 "http://localhost:3000/" "Mozilla/5.0 (Windows NT 10.0; Win64; x64) AppleWebKit/537.36 (KHTML, like Gecko) Chrome/87.0.4280.141 Safari/537.36"
::1 - - [13/Jan/2021:06:48:56 +0000] "GET /reports HTTP/1.1" 200 46 "http://localhost:3000/" "Mozilla/5.0 (Windows NT 10.0; Win64; x64) AppleWebKit/537.36 (KHTML, like Gecko) Chrome/87.0.4280.141 Safari/537.36"
::1 - - [13/Jan/2021:06:49:43 +0000] "POST /reports HTTP/1.1" 200 12 "http://localhost:3000/" "Mozilla/5.0 (Windows NT 10.0; Win64; x64) AppleWebKit/537.36 (KHTML, like Gecko) Chrome/87.0.4280.141 Safari/537.36"
::1 - - [13/Jan/2021:07:08:42 +0000] "GET /reports/004 HTTP/1.1" 200 117 "-" "PostmanRuntime/7.26.8"
::1 - - [13/Jan/2021:07:08:50 +0000] "POST /account/ HTTP/1.1" 400 55 "-" "PostmanRuntime/7.26.8"
::1 - - [13/Jan/2021:07:59:43 +0000] "POST /auth/login HTTP/1.1" 200 195 "http://localhost:3000/" "Mozilla/5.0 (Windows NT 10.0; Win64; x64) AppleWebKit/537.36 (KHTML, like Gecko) Chrome/87.0.4280.141 Safari/537.36"
::1 - - [13/Jan/2021:08:00:24 +0000] "POST /account HTTP/1.1" 400 41 "http://localhost:3000/" "Mozilla/5.0 (Windows NT 10.0; Win64; x64) AppleWebKit/537.36 (KHTML, like Gecko) Chrome/87.0.4280.141 Safari/537.36"
::1 - - [13/Jan/2021:08:00:35 +0000] "POST /account HTTP/1.1" 400 55 "http://localhost:3000/" "Mozilla/5.0 (Windows NT 10.0; Win64; x64) AppleWebKit/537.36 (KHTML, like Gecko) Chrome/87.0.4280.141 Safari/537.36"
::1 - - [13/Jan/2021:08:01:08 +0000] "GET /account HTTP/1.1" 200 356 "http://localhost:3000/" "Mozilla/5.0 (Windows NT 10.0; Win64; x64) AppleWebKit/537.36 (KHTML, like Gecko) Chrome/87.0.4280.141 Safari/537.36"
::1 - - [13/Jan/2021:08:01:11 +0000] "GET /account HTTP/1.1" 304 - "http://localhost:3000/" "Mozilla/5.0 (Windows NT 10.0; Win64; x64) AppleWebKit/537.36 (KHTML, like Gecko) Chrome/87.0.4280.141 Safari/537.36"
::1 - - [13/Jan/2021:08:01:43 +0000] "POST /account HTTP/1.1" 400 41 "http://localhost:3000/" "Mozilla/5.0 (Windows NT 10.0; Win64; x64) AppleWebKit/537.36 (KHTML, like Gecko) Chrome/87.0.4280.141 Safari/537.36"
::1 - - [13/Jan/2021:08:03:02 +0000] "POST /account HTTP/1.1" 400 41 "http://localhost:3000/" "Mozilla/5.0 (Windows NT 10.0; Win64; x64) AppleWebKit/537.36 (KHTML, like Gecko) Chrome/87.0.4280.141 Safari/537.36"
::1 - - [13/Jan/2021:08:03:18 +0000] "GET /account HTTP/1.1" 200 666 "http://localhost:3000/" "Mozilla/5.0 (Windows NT 10.0; Win64; x64) AppleWebKit/537.36 (KHTML, like Gecko) Chrome/87.0.4280.141 Safari/537.36"
::1 - - [13/Jan/2021:08:03:22 +0000] "GET /account/user3 HTTP/1.1" 200 94 "http://localhost:3000/" "Mozilla/5.0 (Windows NT 10.0; Win64; x64) AppleWebKit/537.36 (KHTML, like Gecko) Chrome/87.0.4280.141 Safari/537.36"
::1 - - [13/Jan/2021:08:03:47 +0000] "GET /account HTTP/1.1" 304 - "http://localhost:3000/" "Mozilla/5.0 (Windows NT 10.0; Win64; x64) AppleWebKit/537.36 (KHTML, like Gecko) Chrome/87.0.4280.141 Safari/537.36"
::1 - - [13/Jan/2021:08:03:51 +0000] "DELETE /account/undefined HTTP/1.1" 200 12 "http://localhost:3000/" "Mozilla/5.0 (Windows NT 10.0; Win64; x64) AppleWebKit/537.36 (KHTML, like Gecko) Chrome/87.0.4280.141 Safari/537.36"
::1 - - [13/Jan/2021:08:05:28 +0000] "PUT /account/user2 HTTP/1.1" 500 30 "-" "PostmanRuntime/7.26.8"
::1 - - [13/Jan/2021:08:06:46 +0000] "PUT /account/user2 HTTP/1.1" 500 30 "-" "PostmanRuntime/7.26.8"
::1 - - [13/Jan/2021:08:08:33 +0000] "PUT /account/user2 HTTP/1.1" 500 30 "-" "PostmanRuntime/7.26.8"
::1 - - [13/Jan/2021:08:08:40 +0000] "PUT /account/ HTTP/1.1" 404 147 "-" "PostmanRuntime/7.26.8"
::1 - - [13/Jan/2021:08:12:12 +0000] "PUT /account/user4 HTTP/1.1" 500 30 "-" "PostmanRuntime/7.26.8"
::1 - - [13/Jan/2021:08:13:05 +0000] "PUT /account/user4 HTTP/1.1" 500 30 "-" "PostmanRuntime/7.26.8"
::1 - - [13/Jan/2021:08:14:12 +0000] "PUT /account/user4 HTTP/1.1" 500 30 "-" "PostmanRuntime/7.26.8"
::1 - - [13/Jan/2021:08:18:26 +0000] "PUT /account/user4 HTTP/1.1" 500 30 "-" "PostmanRuntime/7.26.8"
::1 - - [13/Jan/2021:08:22:13 +0000] "PUT /account/user4 HTTP/1.1" 500 30 "-" "PostmanRuntime/7.26.8"
::1 - - [13/Jan/2021:08:23:51 +0000] "PUT /account/user3 HTTP/1.1" 500 30 "-" "PostmanRuntime/7.26.8"
::1 - - [13/Jan/2021:08:28:43 +0000] "PUT /account/user3 HTTP/1.1" 500 30 "-" "PostmanRuntime/7.26.8"
::1 - - [13/Jan/2021:08:29:27 +0000] "PUT /account/ HTTP/1.1" 404 147 "-" "PostmanRuntime/7.26.8"
::1 - - [13/Jan/2021:08:29:53 +0000] "PUT /account/user3 HTTP/1.1" 500 30 "-" "PostmanRuntime/7.26.8"
::1 - - [13/Jan/2021:08:31:03 +0000] "PUT /account/?=user3 HTTP/1.1" 404 147 "-" "PostmanRuntime/7.26.8"
::1 - - [13/Jan/2021:08:31:22 +0000] "PUT /account/ HTTP/1.1" 404 147 "-" "PostmanRuntime/7.26.8"
::1 - - [13/Jan/2021:08:31:31 +0000] "PUT /account/user3 HTTP/1.1" 500 30 "-" "PostmanRuntime/7.26.8"
::1 - - [13/Jan/2021:10:29:34 +0000] "PUT /account/user3 HTTP/1.1" 500 30 "-" "PostmanRuntime/7.26.8"
::1 - - [13/Jan/2021:10:38:16 +0000] "PUT /account/ HTTP/1.1" 404 147 "-" "PostmanRuntime/7.26.8"
::1 - - [13/Jan/2021:10:38:41 +0000] "PUT /account/user2 HTTP/1.1" 200 12 "-" "PostmanRuntime/7.26.8"
::1 - - [13/Jan/2021:10:39:14 +0000] "POST /auth/login HTTP/1.1" 200 195 "http://localhost:3000/" "Mozilla/5.0 (Windows NT 10.0; Win64; x64) AppleWebKit/537.36 (KHTML, like Gecko) Chrome/87.0.4280.141 Safari/537.36"
::1 - - [13/Jan/2021:10:39:20 +0000] "GET /account HTTP/1.1" 200 667 "http://localhost:3000/" "Mozilla/5.0 (Windows NT 10.0; Win64; x64) AppleWebKit/537.36 (KHTML, like Gecko) Chrome/87.0.4280.141 Safari/537.36"
::1 - - [13/Jan/2021:10:39:22 +0000] "GET /account/user2 HTTP/1.1" 200 95 "http://localhost:3000/" "Mozilla/5.0 (Windows NT 10.0; Win64; x64) AppleWebKit/537.36 (KHTML, like Gecko) Chrome/87.0.4280.141 Safari/537.36"
::1 - - [13/Jan/2021:10:39:40 +0000] "PUT /account/user2 HTTP/1.1" 200 12 "-" "PostmanRuntime/7.26.8"
::1 - - [13/Jan/2021:10:39:43 +0000] "GET /account HTTP/1.1" 304 - "http://localhost:3000/" "Mozilla/5.0 (Windows NT 10.0; Win64; x64) AppleWebKit/537.36 (KHTML, like Gecko) Chrome/87.0.4280.141 Safari/537.36"
::1 - - [13/Jan/2021:10:39:44 +0000] "GET /account/user3 HTTP/1.1" 304 - "http://localhost:3000/" "Mozilla/5.0 (Windows NT 10.0; Win64; x64) AppleWebKit/537.36 (KHTML, like Gecko) Chrome/87.0.4280.141 Safari/537.36"
::1 - - [13/Jan/2021:10:40:31 +0000] "PUT /account/user2 HTTP/1.1" 200 12 "-" "PostmanRuntime/7.26.8"
::1 - - [13/Jan/2021:10:40:43 +0000] "PUT /account/admin HTTP/1.1" 200 12 "-" "PostmanRuntime/7.26.8"
::1 - - [13/Jan/2021:10:40:49 +0000] "GET /account HTTP/1.1" 304 - "http://localhost:3000/" "Mozilla/5.0 (Windows NT 10.0; Win64; x64) AppleWebKit/537.36 (KHTML, like Gecko) Chrome/87.0.4280.141 Safari/537.36"
::1 - - [13/Jan/2021:10:40:51 +0000] "GET /account/admin HTTP/1.1" 200 95 "http://localhost:3000/" "Mozilla/5.0 (Windows NT 10.0; Win64; x64) AppleWebKit/537.36 (KHTML, like Gecko) Chrome/87.0.4280.141 Safari/537.36"
::1 - - [13/Jan/2021:10:40:57 +0000] "GET /account/admin HTTP/1.1" 304 - "http://localhost:3000/" "Mozilla/5.0 (Windows NT 10.0; Win64; x64) AppleWebKit/537.36 (KHTML, like Gecko) Chrome/87.0.4280.141 Safari/537.36"
::1 - - [13/Jan/2021:10:43:28 +0000] "GET /account/admin HTTP/1.1" 304 - "http://localhost:3000/" "Mozilla/5.0 (Windows NT 10.0; Win64; x64) AppleWebKit/537.36 (KHTML, like Gecko) Chrome/87.0.4280.141 Safari/537.36"
::1 - - [13/Jan/2021:10:43:42 +0000] "GET /account HTTP/1.1" 304 - "http://localhost:3000/" "Mozilla/5.0 (Windows NT 10.0; Win64; x64) AppleWebKit/537.36 (KHTML, like Gecko) Chrome/87.0.4280.141 Safari/537.36"
::1 - - [13/Jan/2021:10:43:46 +0000] "DELETE /account/undefined HTTP/1.1" 200 12 "http://localhost:3000/" "Mozilla/5.0 (Windows NT 10.0; Win64; x64) AppleWebKit/537.36 (KHTML, like Gecko) Chrome/87.0.4280.141 Safari/537.36"
::1 - - [13/Jan/2021:10:44:00 +0000] "GET /account HTTP/1.1" 304 - "http://localhost:3000/" "Mozilla/5.0 (Windows NT 10.0; Win64; x64) AppleWebKit/537.36 (KHTML, like Gecko) Chrome/87.0.4280.141 Safari/537.36"
::1 - - [13/Jan/2021:10:44:03 +0000] "DELETE /account/undefined HTTP/1.1" 200 12 "http://localhost:3000/" "Mozilla/5.0 (Windows NT 10.0; Win64; x64) AppleWebKit/537.36 (KHTML, like Gecko) Chrome/87.0.4280.141 Safari/537.36"
::1 - - [13/Jan/2021:10:47:26 +0000] "PUT /account/user1 HTTP/1.1" 200 12 "-" "PostmanRuntime/7.26.8"
::1 - - [13/Jan/2021:10:47:51 +0000] "DELETE /account/user2 HTTP/1.1" 200 12 "-" "PostmanRuntime/7.26.8"
::1 - - [13/Jan/2021:10:49:28 +0000] "PUT /account/user1 HTTP/1.1" 200 12 "-" "PostmanRuntime/7.26.8"
::1 - - [13/Jan/2021:10:51:13 +0000] "PUT /account/user1 HTTP/1.1" 200 12 "-" "PostmanRuntime/7.26.8"
::1 - - [13/Jan/2021:10:53:43 +0000] "POST /account/ HTTP/1.1" 400 55 "-" "PostmanRuntime/7.26.8"
::1 - - [13/Jan/2021:11:07:40 +0000] "GET /account HTTP/1.1" 200 667 "http://localhost:3000/" "Mozilla/5.0 (Windows NT 10.0; Win64; x64) AppleWebKit/537.36 (KHTML, like Gecko) Chrome/87.0.4280.141 Safari/537.36"
::1 - - [13/Jan/2021:11:13:05 +0000] "GET /account HTTP/1.1" 304 - "http://localhost:3000/" "Mozilla/5.0 (Windows NT 10.0; Win64; x64) AppleWebKit/537.36 (KHTML, like Gecko) Chrome/87.0.4280.141 Safari/537.36"
::1 - - [13/Jan/2021:11:13:18 +0000] "PUT /accountundefined HTTP/1.1" 404 155 "http://localhost:3000/" "Mozilla/5.0 (Windows NT 10.0; Win64; x64) AppleWebKit/537.36 (KHTML, like Gecko) Chrome/87.0.4280.141 Safari/537.36"
::1 - - [13/Jan/2021:11:13:22 +0000] "GET /account HTTP/1.1" 304 - "http://localhost:3000/" "Mozilla/5.0 (Windows NT 10.0; Win64; x64) AppleWebKit/537.36 (KHTML, like Gecko) Chrome/87.0.4280.141 Safari/537.36"
::1 - - [13/Jan/2021:11:13:36 +0000] "GET /account HTTP/1.1" 304 - "http://localhost:3000/" "Mozilla/5.0 (Windows NT 10.0; Win64; x64) AppleWebKit/537.36 (KHTML, like Gecko) Chrome/87.0.4280.141 Safari/537.36"
::1 - - [13/Jan/2021:11:14:28 +0000] "GET /account HTTP/1.1" 304 - "http://localhost:3000/" "Mozilla/5.0 (Windows NT 10.0; Win64; x64) AppleWebKit/537.36 (KHTML, like Gecko) Chrome/87.0.4280.141 Safari/537.36"
::1 - - [13/Jan/2021:11:15:13 +0000] "GET /account HTTP/1.1" 304 - "http://localhost:3000/" "Mozilla/5.0 (Windows NT 10.0; Win64; x64) AppleWebKit/537.36 (KHTML, like Gecko) Chrome/87.0.4280.141 Safari/537.36"
::1 - - [13/Jan/2021:11:15:59 +0000] "PUT /accountundefined HTTP/1.1" 404 155 "http://localhost:3000/" "Mozilla/5.0 (Windows NT 10.0; Win64; x64) AppleWebKit/537.36 (KHTML, like Gecko) Chrome/87.0.4280.141 Safari/537.36"
::1 - - [13/Jan/2021:11:16:04 +0000] "GET /account HTTP/1.1" 304 - "http://localhost:3000/" "Mozilla/5.0 (Windows NT 10.0; Win64; x64) AppleWebKit/537.36 (KHTML, like Gecko) Chrome/87.0.4280.141 Safari/537.36"
::1 - - [13/Jan/2021:11:16:07 +0000] "DELETE /account/undefined HTTP/1.1" 200 12 "http://localhost:3000/" "Mozilla/5.0 (Windows NT 10.0; Win64; x64) AppleWebKit/537.36 (KHTML, like Gecko) Chrome/87.0.4280.141 Safari/537.36"
::1 - - [13/Jan/2021:11:16:10 +0000] "GET /account HTTP/1.1" 304 - "http://localhost:3000/" "Mozilla/5.0 (Windows NT 10.0; Win64; x64) AppleWebKit/537.36 (KHTML, like Gecko) Chrome/87.0.4280.141 Safari/537.36"
::1 - - [13/Jan/2021:11:16:12 +0000] "DELETE /account/undefined HTTP/1.1" 200 12 "http://localhost:3000/" "Mozilla/5.0 (Windows NT 10.0; Win64; x64) AppleWebKit/537.36 (KHTML, like Gecko) Chrome/87.0.4280.141 Safari/537.36"
::1 - - [13/Jan/2021:11:16:42 +0000] "GET /account HTTP/1.1" 304 - "http://localhost:3000/" "Mozilla/5.0 (Windows NT 10.0; Win64; x64) AppleWebKit/537.36 (KHTML, like Gecko) Chrome/87.0.4280.141 Safari/537.36"
::1 - - [13/Jan/2021:11:16:44 +0000] "PUT /accountundefined HTTP/1.1" 404 155 "http://localhost:3000/" "Mozilla/5.0 (Windows NT 10.0; Win64; x64) AppleWebKit/537.36 (KHTML, like Gecko) Chrome/87.0.4280.141 Safari/537.36"
::1 - - [13/Jan/2021:11:17:05 +0000] "GET /account HTTP/1.1" 304 - "http://localhost:3000/" "Mozilla/5.0 (Windows NT 10.0; Win64; x64) AppleWebKit/537.36 (KHTML, like Gecko) Chrome/87.0.4280.141 Safari/537.36"
::1 - - [13/Jan/2021:11:17:07 +0000] "PUT /account/undefined HTTP/1.1" 200 12 "http://localhost:3000/" "Mozilla/5.0 (Windows NT 10.0; Win64; x64) AppleWebKit/537.36 (KHTML, like Gecko) Chrome/87.0.4280.141 Safari/537.36"
::1 - - [13/Jan/2021:11:17:15 +0000] "GET /account HTTP/1.1" 304 - "http://localhost:3000/" "Mozilla/5.0 (Windows NT 10.0; Win64; x64) AppleWebKit/537.36 (KHTML, like Gecko) Chrome/87.0.4280.141 Safari/537.36"
